Log file open, 01/20/20 18:21:29
LogWindows: Failed to load 'aqProf.dll' (GetLastError=126)
LogWindows: File 'aqProf.dll' does not exist
LogWindows: Failed to load 'VtuneApi.dll' (GetLastError=126)
LogWindows: File 'VtuneApi.dll' does not exist
LogWindows: Failed to load 'VtuneApi32e.dll' (GetLastError=126)
LogWindows: File 'VtuneApi32e.dll' does not exist
LogConsoleResponse: Display: Failed to find resolution value strings in scalability ini. Falling back to default.
LogInit: Display: Running engine for game: miquelx2_ue
LogPlatformFile: Not using cached read wrapper
LogTaskGraph: Started task graph with 5 named threads and 23 total threads with 3 sets of task threads.
LogStats: Stats thread started at 1.595689
LogD3D11RHI: Loaded GFSDK_Aftermath_Lib.x64.dll
LogICUInternationalization: ICU TimeZone Detection - Raw Offset: +1:00, Platform Override: ''
LogPluginManager: Mounting plugin Paper2D
LogPluginManager: Mounting plugin AISupport
LogPluginManager: Mounting plugin LightPropagationVolume
LogPluginManager: Mounting plugin ActorLayerUtilities
LogPluginManager: Mounting plugin AnimationSharing
LogPluginManager: Mounting plugin CLionSourceCodeAccess
LogPluginManager: Mounting plugin CodeLiteSourceCodeAccess
LogPluginManager: Mounting plugin GitSourceControl
LogPluginManager: Mounting plugin KDevelopSourceCodeAccess
LogPluginManager: Mounting plugin NullSourceCodeAccess
LogPluginManager: Mounting plugin PerforceSourceControl
LogPluginManager: Mounting plugin PlasticSourceControl
LogPluginManager: Mounting plugin SubversionSourceControl
LogPluginManager: Mounting plugin UObjectPlugin
LogPluginManager: Mounting plugin VisualStudioCodeSourceCodeAccess
LogPluginManager: Mounting plugin VisualStudioSourceCodeAccess
LogPluginManager: Mounting plugin XCodeSourceCodeAccess
LogPluginManager: Mounting plugin AssetManagerEditor
LogPluginManager: Mounting plugin CryptoKeys
LogPluginManager: Mounting plugin CurveEditorTools
LogPluginManager: Mounting plugin DataValidation
LogPluginManager: Mounting plugin FacialAnimation
LogPluginManager: Mounting plugin GameplayTagsEditor
LogPluginManager: Mounting plugin MacGraphicsSwitching
LogPluginManager: Mounting plugin MaterialAnalyzer
LogPluginManager: Mounting plugin MobileLauncherProfileWizard
LogPluginManager: Mounting plugin PluginBrowser
LogPluginManager: Mounting plugin SpeedTreeImporter
LogPluginManager: Mounting plugin DatasmithContent
LogPluginManager: Mounting plugin VariantManagerContent
LogPluginManager: Mounting plugin AlembicImporter
LogPluginManager: Mounting plugin AutomationUtils
LogPluginManager: Mounting plugin BackChannel
LogPluginManager: Mounting plugin CharacterAI
LogPluginManager: Mounting plugin GeometryCache
LogPluginManager: Mounting plugin PlatformCrypto
LogPluginManager: Mounting plugin ProxyLODPlugin
LogPluginManager: Mounting plugin SkeletalReduction
LogPluginManager: Mounting plugin MagicLeap
LogPluginManager: Mounting plugin MagicLeapMedia
LogPluginManager: Mounting plugin MLSDK
LogPluginManager: Mounting plugin AndroidMedia
LogPluginManager: Mounting plugin AvfMedia
LogPluginManager: Mounting plugin ImgMedia
LogPluginManager: Mounting plugin MediaCompositing
LogPluginManager: Mounting plugin MediaPlayerEditor
LogPluginManager: Mounting plugin WebMMedia
LogPluginManager: Mounting plugin WmfMedia
LogPluginManager: Mounting plugin TcpMessaging
LogPluginManager: Mounting plugin UdpMessaging
LogPluginManager: Mounting plugin ActorSequence
LogPluginManager: Mounting plugin LevelSequenceEditor
LogPluginManager: Mounting plugin MatineeToLevelSequence
LogPluginManager: Mounting plugin NetcodeUnitTest
LogPluginManager: Mounting plugin NUTUnrealEngine4
LogPluginManager: Mounting plugin OnlineSubsystemGooglePlay
LogPluginManager: Mounting plugin OnlineSubsystemIOS
LogPluginManager: Mounting plugin OnlineSubsystem
LogPluginManager: Mounting plugin OnlineSubsystemNull
LogPluginManager: Mounting plugin OnlineSubsystemUtils
LogPluginManager: Mounting plugin LauncherChunkInstaller
LogPluginManager: Mounting plugin AndroidDeviceProfileSelector
LogPluginManager: Mounting plugin AndroidMoviePlayer
LogPluginManager: Mounting plugin AndroidPermission
LogPluginManager: Mounting plugin AppleImageUtils
LogPluginManager: Mounting plugin AppleMoviePlayer
LogPluginManager: Mounting plugin ArchVisCharacter
LogPluginManager: Mounting plugin AssetTags
LogPluginManager: Mounting plugin AudioCapture
LogPluginManager: Mounting plugin CableComponent
LogPluginManager: Mounting plugin CustomMeshComponent
LogPluginManager: Mounting plugin EditableMesh
LogPluginManager: Mounting plugin ExampleDeviceProfileSelector
LogPluginManager: Mounting plugin GoogleCloudMessaging
LogPluginManager: Mounting plugin IOSDeviceProfileSelector
LogPluginManager: Mounting plugin LinuxDeviceProfileSelector
LogPluginManager: Mounting plugin LocationServicesBPLibrary
LogPluginManager: Mounting plugin MobilePatchingUtils
LogPluginManager: Mounting plugin OculusVR
LogPluginManager: Mounting plugin PhysXVehicles
LogPluginManager: Mounting plugin PostSplashScreen
LogPluginManager: Mounting plugin ProceduralMeshComponent
LogPluginManager: Mounting plugin RuntimePhysXCooking
LogPluginManager: Mounting plugin SignificanceManager
LogPluginManager: Mounting plugin SteamVR
LogPluginManager: Mounting plugin WebMMoviePlayer
LogPluginManager: Mounting plugin WindowsMoviePlayer
LogPluginManager: Mounting plugin ScreenshotTools
LogInit: Using libcurl 7.55.1-DEV
LogInit:  - built for x86_64-pc-win32
LogInit:  - supports SSL with OpenSSL/1.1.1
LogInit:  - supports HTTP deflate (compression) using libz 1.2.8
LogInit:  - other features:
LogInit:      CURL_VERSION_SSL
LogInit:      CURL_VERSION_LIBZ
LogInit:      CURL_VERSION_IPV6
LogInit:      CURL_VERSION_ASYNCHDNS
LogInit:      CURL_VERSION_LARGEFILE
LogInit:      CURL_VERSION_IDN
LogInit:  CurlRequestOptions (configurable via config and command line):
LogInit:  - bVerifyPeer = true  - Libcurl will verify peer certificate
LogInit:  - bUseHttpProxy = false  - Libcurl will NOT use HTTP proxy
LogInit:  - bDontReuseConnections = false  - Libcurl will reuse connections
LogInit:  - MaxHostConnections = 16  - Libcurl will limit the number of connections to a host
LogInit:  - LocalHostAddr = Default
LogInit:  - BufferSize = 65536
LogOnline: OSS: Creating online subsystem instance for: NULL
LogInit: WinSock: version 1.1 (2.2), MaxSocks=32767, MaxUdp=65467
LogOnline: OSS: TryLoadSubsystemAndSetDefault: Loaded subsystem for module [NULL]
LogInit: Build: ++UE4+Release-4.24-CL-10757647
LogInit: Engine Version: 4.24.1-10757647+++UE4+Release-4.24
LogInit: Compatible Engine Version: 4.24.0-10570792+++UE4+Release-4.24
LogInit: Net CL: 10570792
LogInit: OS: Windows 10 (Release 1809) (), CPU: Intel(R) Core(TM) i7-4770K CPU @ 3.50GHz, GPU: NVIDIA GeForce GTX 970
LogInit: Compiled (64-bit): Dec 17 2019 02:08:03
LogInit: Compiled with Visual C++: 19.16.27032.01
LogInit: Build Configuration: Development
LogInit: Branch Name: ++UE4+Release-4.24
LogInit: Command Line: 
LogInit: Base Directory: B:/Unreal Engine/UE_4.24/Engine/Binaries/Win64/
LogInit: Installed Engine Build: 1
LogDevObjectVersion: Number of dev versions registered: 25
LogDevObjectVersion:   Dev-Blueprints (B0D832E4-1F89-4F0D-ACCF-7EB736FD4AA2): 10
LogDevObjectVersion:   Dev-Build (E1C64328-A22C-4D53-A36C-8E866417BD8C): 0
LogDevObjectVersion:   Dev-Core (375EC13C-06E4-48FB-B500-84F0262A717E): 3
LogDevObjectVersion:   Dev-Editor (E4B068ED-F494-42E9-A231-DA0B2E46BB41): 37
LogDevObjectVersion:   Dev-Framework (CFFC743F-43B0-4480-9391-14DF171D2073): 36
LogDevObjectVersion:   Dev-Mobile (B02B49B5-BB20-44E9-A304-32B752E40360): 2
LogDevObjectVersion:   Dev-Networking (A4E4105C-59A1-49B5-A7C5-40C4547EDFEE): 0
LogDevObjectVersion:   Dev-Online (39C831C9-5AE6-47DC-9A44-9C173E1C8E7C): 0
LogDevObjectVersion:   Dev-Physics (78F01B33-EBEA-4F98-B9B4-84EACCB95AA2): 2
LogDevObjectVersion:   Dev-Platform (6631380F-2D4D-43E0-8009-CF276956A95A): 0
LogDevObjectVersion:   Dev-Rendering (12F88B9F-8875-4AFC-A67C-D90C383ABD29): 36
LogDevObjectVersion:   Dev-Sequencer (7B5AE74C-D270-4C10-A958-57980B212A5A): 11
LogDevObjectVersion:   Dev-VR (D7296918-1DD6-4BDD-9DE2-64A83CC13884): 2
LogDevObjectVersion:   Dev-LoadTimes (C2A15278-BFE7-4AFE-6C17-90FF531DF755): 1
LogDevObjectVersion:   Private-Geometry (6EACA3D4-40EC-4CC1-B786-8BED09428FC5): 3
LogDevObjectVersion:   Dev-AnimPhys (29E575DD-E0A3-4627-9D10-D276232CDCEA): 17
LogDevObjectVersion:   Dev-Anim (AF43A65D-7FD3-4947-9873-3E8ED9C1BB05): 2
LogDevObjectVersion:   Dev-ReflectionCapture (6B266CEC-1EC7-4B8F-A30B-E4D90942FC07): 1
LogDevObjectVersion:   Dev-Automation (0DF73D61-A23F-47EA-B727-89E90C41499A): 1
LogDevObjectVersion:   FortniteMain (601D1886-AC64-4F84-AA16-D3DE0DEAC7D6): 31
LogDevObjectVersion:   Dev-Enterprise (9DFFBCD6-494F-0158-E221-12823C92A888): 8
LogDevObjectVersion:   Dev-Niagara (F2AED0AC-9AFE-416F-8664-AA7FFA26D6FC): 1
LogDevObjectVersion:   Dev-Destruction (174F1F0B-B4C6-45A5-B13F-2EE8D0FB917D): 9
LogDevObjectVersion:   Dev-Physics-Ext (35F94A83-E258-406C-A318-09F59610247C): 8
LogDevObjectVersion:   Dev-CineCamera (B2E18506-4273-CFC2-A54E-F4BB758BBA07): 1
LogInit: Presizing for max 25165824 objects, including 0 objects not considered by GC, pre-allocating 0 bytes for permanent pool.
LogInit: Object subsystem initialized
LogConfig: Setting CVar [[con.DebugEarlyDefault:1]]
LogConfig: Setting CVar [[r.setres:1280x720]]
[2020.01.20-17.21.34:079][  0]LogConfig: Setting CVar [[r.VSync:0]]
[2020.01.20-17.21.34:079][  0]LogConfig: Setting CVar [[r.RHICmdBypass:0]]
[2020.01.20-17.21.34:081][  0]LogConfig: Applying CVar settings from Section [/Script/Engine.RendererSettings] File [B:/Unreal Engine Projects/miquelx2-practiques-ue/miquelx2_ue/Saved/Config/Windows/Engine.ini]
[2020.01.20-17.21.34:081][  0]LogConfig: Setting CVar [[r.GPUCrashDebugging:0]]
[2020.01.20-17.21.34:081][  0]LogConfig: Applying CVar settings from Section [/Script/Engine.RendererOverrideSettings] File [B:/Unreal Engine Projects/miquelx2-practiques-ue/miquelx2_ue/Saved/Config/Windows/Engine.ini]
[2020.01.20-17.21.34:081][  0]LogConfig: Applying CVar settings from Section [/Script/Engine.StreamingSettings] File [B:/Unreal Engine Projects/miquelx2-practiques-ue/miquelx2_ue/Saved/Config/Windows/Engine.ini]
[2020.01.20-17.21.34:081][  0]LogConfig: Setting CVar [[s.MinBulkDataSizeForAsyncLoading:131072]]
[2020.01.20-17.21.34:081][  0]LogConfig: Setting CVar [[s.AsyncLoadingThreadEnabled:0]]
[2020.01.20-17.21.34:081][  0]LogConfig: Setting CVar [[s.EventDrivenLoaderEnabled:1]]
[2020.01.20-17.21.34:081][  0]LogConfig: Setting CVar [[s.WarnIfTimeLimitExceeded:0]]
[2020.01.20-17.21.34:081][  0]LogConfig: Setting CVar [[s.TimeLimitExceededMultiplier:1.5]]
[2020.01.20-17.21.34:081][  0]LogConfig: Setting CVar [[s.TimeLimitExceededMinTime:0.005]]
[2020.01.20-17.21.34:081][  0]LogConfig: Setting CVar [[s.UseBackgroundLevelStreaming:1]]
[2020.01.20-17.21.34:081][  0]LogConfig: Setting CVar [[s.PriorityAsyncLoadingExtraTime:15.0]]
[2020.01.20-17.21.34:081][  0]LogConfig: Setting CVar [[s.LevelStreamingActorsUpdateTimeLimit:5.0]]
[2020.01.20-17.21.34:081][  0]LogConfig: Setting CVar [[s.PriorityLevelStreamingActorsUpdateExtraTime:5.0]]
[2020.01.20-17.21.34:081][  0]LogConfig: Setting CVar [[s.LevelStreamingComponentsRegistrationGranularity:10]]
[2020.01.20-17.21.34:081][  0]LogConfig: Setting CVar [[s.UnregisterComponentsTimeLimit:1.0]]
[2020.01.20-17.21.34:081][  0]LogConfig: Setting CVar [[s.LevelStreamingComponentsUnregistrationGranularity:5]]
[2020.01.20-17.21.34:081][  0]LogConfig: Setting CVar [[s.FlushStreamingOnExit:1]]
[2020.01.20-17.21.34:097][  0]LogConfig: Applying CVar settings from Section [/Script/Engine.GarbageCollectionSettings] File [B:/Unreal Engine Projects/miquelx2-practiques-ue/miquelx2_ue/Saved/Config/Windows/Engine.ini]
[2020.01.20-17.21.34:097][  0]LogConfig: Setting CVar [[gc.MaxObjectsNotConsideredByGC:1]]
[2020.01.20-17.21.34:097][  0]LogConfig: Setting CVar [[gc.SizeOfPermanentObjectPool:0]]
[2020.01.20-17.21.34:097][  0]LogConfig: Setting CVar [[gc.FlushStreamingOnGC:0]]
[2020.01.20-17.21.34:097][  0]LogConfig: Setting CVar [[gc.NumRetriesBeforeForcingGC:10]]
[2020.01.20-17.21.34:097][  0]LogConfig: Setting CVar [[gc.AllowParallelGC:1]]
[2020.01.20-17.21.34:097][  0]LogConfig: Setting CVar [[gc.TimeBetweenPurgingPendingKillObjects:61.1]]
[2020.01.20-17.21.34:097][  0]LogConfig: Setting CVar [[gc.MaxObjectsInEditor:25165824]]
[2020.01.20-17.21.34:097][  0]LogConfig: Setting CVar [[gc.IncrementalBeginDestroyEnabled:1]]
[2020.01.20-17.21.34:097][  0]LogConfig: Setting CVar [[gc.CreateGCClusters:1]]
[2020.01.20-17.21.34:097][  0]LogConfig: Setting CVar [[gc.MinGCClusterSize:5]]
[2020.01.20-17.21.34:097][  0]LogConfig: Setting CVar [[gc.ActorClusteringEnabled:0]]
[2020.01.20-17.21.34:097][  0]LogConfig: Setting CVar [[gc.BlueprintClusteringEnabled:0]]
[2020.01.20-17.21.34:097][  0]LogConfig: Setting CVar [[gc.UseDisregardForGCOnDedicatedServers:0]]
[2020.01.20-17.21.34:097][  0]LogConfig: Applying CVar settings from Section [/Script/Engine.NetworkSettings] File [B:/Unreal Engine Projects/miquelx2-practiques-ue/miquelx2_ue/Saved/Config/Windows/Engine.ini]
[2020.01.20-17.21.34:097][  0]LogConfig: Applying CVar settings from Section [/Script/UnrealEd.CookerSettings] File [B:/Unreal Engine Projects/miquelx2-practiques-ue/miquelx2_ue/Saved/Config/Windows/Engine.ini]
[2020.01.20-17.21.34:195][  0]LogConfig: Applying CVar settings from Section [ViewDistanceQuality@3] File [B:/Unreal Engine Projects/miquelx2-practiques-ue/miquelx2_ue/Saved/Config/Windows/Scalability.ini]
[2020.01.20-17.21.34:195][  0]LogConfig: Setting CVar [[r.SkeletalMeshLODBias:0]]
[2020.01.20-17.21.34:195][  0]LogConfig: Setting CVar [[r.ViewDistanceScale:1.0]]
[2020.01.20-17.21.34:195][  0]LogConfig: Applying CVar settings from Section [AntiAliasingQuality@3] File [B:/Unreal Engine Projects/miquelx2-practiques-ue/miquelx2_ue/Saved/Config/Windows/Scalability.ini]
[2020.01.20-17.21.34:195][  0]LogConfig: Setting CVar [[r.PostProcessAAQuality:4]]
[2020.01.20-17.21.34:195][  0]LogConfig: Applying CVar settings from Section [ShadowQuality@3] File [B:/Unreal Engine Projects/miquelx2-practiques-ue/miquelx2_ue/Saved/Config/Windows/Scalability.ini]
[2020.01.20-17.21.34:195][  0]LogConfig: Setting CVar [[r.LightFunctionQuality:1]]
[2020.01.20-17.21.34:195][  0]LogConfig: Setting CVar [[r.ShadowQuality:5]]
[2020.01.20-17.21.34:195][  0]LogConfig: Setting CVar [[r.Shadow.CSM.MaxCascades:10]]
[2020.01.20-17.21.34:195][  0]LogConfig: Setting CVar [[r.Shadow.MaxResolution:2048]]
[2020.01.20-17.21.34:195][  0]LogConfig: Setting CVar [[r.Shadow.MaxCSMResolution:2048]]
[2020.01.20-17.21.34:195][  0]LogConfig: Setting CVar [[r.Shadow.RadiusThreshold:0.01]]
[2020.01.20-17.21.34:195][  0]LogConfig: Setting CVar [[r.Shadow.DistanceScale:1.0]]
[2020.01.20-17.21.34:195][  0]LogConfig: Setting CVar [[r.Shadow.CSM.TransitionScale:1.0]]
[2020.01.20-17.21.34:195][  0]LogConfig: Setting CVar [[r.Shadow.PreShadowResolutionFactor:1.0]]
[2020.01.20-17.21.34:195][  0]LogConfig: Setting CVar [[r.DistanceFieldShadowing:1]]
[2020.01.20-17.21.34:195][  0]LogConfig: Setting CVar [[r.DistanceFieldAO:1]]
[2020.01.20-17.21.34:195][  0]LogConfig: Setting CVar [[r.AOQuality:2]]
[2020.01.20-17.21.34:195][  0]LogConfig: Setting CVar [[r.VolumetricFog:1]]
[2020.01.20-17.21.34:195][  0]LogConfig: Setting CVar [[r.VolumetricFog.GridPixelSize:8]]
[2020.01.20-17.21.34:195][  0]LogConfig: Setting CVar [[r.VolumetricFog.GridSizeZ:128]]
[2020.01.20-17.21.34:195][  0]LogConfig: Setting CVar [[r.VolumetricFog.HistoryMissSupersampleCount:4]]
[2020.01.20-17.21.34:195][  0]LogConfig: Setting CVar [[r.LightMaxDrawDistanceScale:1]]
[2020.01.20-17.21.34:195][  0]LogConfig: Setting CVar [[r.CapsuleShadows:1]]
[2020.01.20-17.21.34:195][  0]LogConfig: Applying CVar settings from Section [PostProcessQuality@3] File [B:/Unreal Engine Projects/miquelx2-practiques-ue/miquelx2_ue/Saved/Config/Windows/Scalability.ini]
[2020.01.20-17.21.34:195][  0]LogConfig: Setting CVar [[r.MotionBlurQuality:4]]
[2020.01.20-17.21.34:195][  0]LogConfig: Setting CVar [[r.AmbientOcclusionMipLevelFactor:0.4]]
[2020.01.20-17.21.34:195][  0]LogConfig: Setting CVar [[r.AmbientOcclusionMaxQuality:100]]
[2020.01.20-17.21.34:195][  0]LogConfig: Setting CVar [[r.AmbientOcclusionLevels:-1]]
[2020.01.20-17.21.34:195][  0]LogConfig: Setting CVar [[r.AmbientOcclusionRadiusScale:1.0]]
[2020.01.20-17.21.34:195][  0]LogConfig: Setting CVar [[r.DepthOfFieldQuality:2]]
[2020.01.20-17.21.34:195][  0]LogConfig: Setting CVar [[r.RenderTargetPoolMin:400]]
[2020.01.20-17.21.34:195][  0]LogConfig: Setting CVar [[r.LensFlareQuality:2]]
[2020.01.20-17.21.34:195][  0]LogConfig: Setting CVar [[r.SceneColorFringeQuality:1]]
[2020.01.20-17.21.34:195][  0]LogConfig: Setting CVar [[r.EyeAdaptationQuality:2]]
[2020.01.20-17.21.34:195][  0]LogConfig: Setting CVar [[r.BloomQuality:5]]
[2020.01.20-17.21.34:195][  0]LogConfig: Setting CVar [[r.FastBlurThreshold:100]]
[2020.01.20-17.21.34:195][  0]LogConfig: Setting CVar [[r.Upscale.Quality:3]]
[2020.01.20-17.21.34:195][  0]LogConfig: Setting CVar [[r.Tonemapper.GrainQuantization:1]]
[2020.01.20-17.21.34:195][  0]LogConfig: Setting CVar [[r.LightShaftQuality:1]]
[2020.01.20-17.21.34:195][  0]LogConfig: Setting CVar [[r.Filter.SizeScale:1]]
[2020.01.20-17.21.34:195][  0]LogConfig: Setting CVar [[r.Tonemapper.Quality:5]]
[2020.01.20-17.21.34:195][  0]LogConfig: Setting CVar [[r.DOF.Gather.AccumulatorQuality:1        ; higher gathering accumulator quality]]
[2020.01.20-17.21.34:195][  0]LogConfig: Setting CVar [[r.DOF.Gather.PostfilterMethod:1          ; Median3x3 postfilering method]]
[2020.01.20-17.21.34:195][  0]LogConfig: Setting CVar [[r.DOF.Gather.EnableBokehSettings:0       ; no bokeh simulation when gathering]]
[2020.01.20-17.21.34:195][  0]LogConfig: Setting CVar [[r.DOF.Gather.RingCount:4                 ; medium number of samples when gathering]]
[2020.01.20-17.21.34:195][  0]LogConfig: Setting CVar [[r.DOF.Scatter.ForegroundCompositing:1    ; additive foreground scattering]]
[2020.01.20-17.21.34:195][  0]LogConfig: Setting CVar [[r.DOF.Scatter.BackgroundCompositing:2    ; additive background scattering]]
[2020.01.20-17.21.34:195][  0]LogConfig: Setting CVar [[r.DOF.Scatter.EnableBokehSettings:1      ; bokeh simulation when scattering]]
[2020.01.20-17.21.34:195][  0]LogConfig: Setting CVar [[r.DOF.Scatter.MaxSpriteRatio:0.1         ; only a maximum of 10% of scattered bokeh]]
[2020.01.20-17.21.34:195][  0]LogConfig: Setting CVar [[r.DOF.Recombine.Quality:1                ; cheap slight out of focus]]
[2020.01.20-17.21.34:195][  0]LogConfig: Setting CVar [[r.DOF.Recombine.EnableBokehSettings:0    ; no bokeh simulation on slight out of focus]]
[2020.01.20-17.21.34:195][  0]LogConfig: Setting CVar [[r.DOF.TemporalAAQuality:1                ; more stable temporal accumulation]]
[2020.01.20-17.21.34:195][  0]LogConfig: Setting CVar [[r.DOF.Kernel.MaxForegroundRadius:0.025]]
[2020.01.20-17.21.34:195][  0]LogConfig: Setting CVar [[r.DOF.Kernel.MaxBackgroundRadius:0.025]]
[2020.01.20-17.21.34:195][  0]LogConfig: Applying CVar settings from Section [TextureQuality@3] File [B:/Unreal Engine Projects/miquelx2-practiques-ue/miquelx2_ue/Saved/Config/Windows/Scalability.ini]
[2020.01.20-17.21.34:195][  0]LogConfig: Setting CVar [[r.Streaming.MipBias:0]]
[2020.01.20-17.21.34:195][  0]LogConfig: Setting CVar [[r.Streaming.AmortizeCPUToGPUCopy:0]]
[2020.01.20-17.21.34:195][  0]LogConfig: Setting CVar [[r.Streaming.MaxNumTexturesToStreamPerFrame:0]]
[2020.01.20-17.21.34:195][  0]LogConfig: Setting CVar [[r.Streaming.Boost:1]]
[2020.01.20-17.21.34:195][  0]LogConfig: Setting CVar [[r.MaxAnisotropy:8]]
[2020.01.20-17.21.34:195][  0]LogConfig: Setting CVar [[r.VT.MaxAnisotropy:8]]
[2020.01.20-17.21.34:195][  0]LogConfig: Setting CVar [[r.Streaming.LimitPoolSizeToVRAM:0]]
[2020.01.20-17.21.34:195][  0]LogConfig: Setting CVar [[r.Streaming.PoolSize:1000]]
[2020.01.20-17.21.34:195][  0]LogConfig: Setting CVar [[r.Streaming.MaxEffectiveScreenSize:0]]
[2020.01.20-17.21.34:195][  0]LogConfig: Applying CVar settings from Section [EffectsQuality@3] File [B:/Unreal Engine Projects/miquelx2-practiques-ue/miquelx2_ue/Saved/Config/Windows/Scalability.ini]
[2020.01.20-17.21.34:195][  0]LogConfig: Setting CVar [[r.TranslucencyLightingVolumeDim:64]]
[2020.01.20-17.21.34:195][  0]LogConfig: Setting CVar [[r.RefractionQuality:2]]
[2020.01.20-17.21.34:195][  0]LogConfig: Setting CVar [[r.SSR.Quality:3]]
[2020.01.20-17.21.34:195][  0]LogConfig: Setting CVar [[r.SSR.HalfResSceneColor:0]]
[2020.01.20-17.21.34:195][  0]LogConfig: Setting CVar [[r.SceneColorFormat:4]]
[2020.01.20-17.21.34:195][  0]LogConfig: Setting CVar [[r.DetailMode:2]]
[2020.01.20-17.21.34:195][  0]LogConfig: Setting CVar [[r.TranslucencyVolumeBlur:1]]
[2020.01.20-17.21.34:195][  0]LogConfig: Setting CVar [[r.MaterialQualityLevel:1 ; High quality]]
[2020.01.20-17.21.34:195][  0]LogConfig: Setting CVar [[r.SSS.Scale:1]]
[2020.01.20-17.21.34:195][  0]LogConfig: Setting CVar [[r.SSS.SampleSet:2]]
[2020.01.20-17.21.34:195][  0]LogConfig: Setting CVar [[r.SSS.Quality:1]]
[2020.01.20-17.21.34:195][  0]LogConfig: Setting CVar [[r.SSS.HalfRes:1]]
[2020.01.20-17.21.34:195][  0]LogConfig: Setting CVar [[r.SSGI.Quality:3]]
[2020.01.20-17.21.34:195][  0]LogConfig: Setting CVar [[r.EmitterSpawnRateScale:1.0]]
[2020.01.20-17.21.34:195][  0]LogConfig: Setting CVar [[r.ParticleLightQuality:2]]
[2020.01.20-17.21.34:196][  0]LogConfig: Setting CVar [[r.SkyAtmosphere.AerialPerspectiveLUT.FastApplyOnOpaque:1 ; Always have FastSkyLUT 1 in this case to avoid wrong sky]]
[2020.01.20-17.21.34:196][  0]LogConfig: Setting CVar [[r.SkyAtmosphere.AerialPerspectiveLUT.SampleCountPerSlice:1]]
[2020.01.20-17.21.34:196][  0]LogConfig: Setting CVar [[r.SkyAtmosphere.AerialPerspectiveLUT.DepthResolution:16.0]]
[2020.01.20-17.21.34:196][  0]LogConfig: Setting CVar [[r.SkyAtmosphere.FastSkyLUT:1]]
[2020.01.20-17.21.34:196][  0]LogConfig: Setting CVar [[r.SkyAtmosphere.FastSkyLUT.SampleCountMin:4.0]]
[2020.01.20-17.21.34:196][  0]LogConfig: Setting CVar [[r.SkyAtmosphere.FastSkyLUT.SampleCountMax:32.0]]
[2020.01.20-17.21.34:196][  0]LogConfig: Setting CVar [[r.SkyAtmosphere.SampleCountMin:4.0]]
[2020.01.20-17.21.34:196][  0]LogConfig: Setting CVar [[r.SkyAtmosphere.SampleCountMax:32.0]]
[2020.01.20-17.21.34:196][  0]LogConfig: Setting CVar [[r.SkyAtmosphere.TransmittanceLUT.UseSmallFormat:0]]
[2020.01.20-17.21.34:196][  0]LogConfig: Setting CVar [[r.SkyAtmosphere.TransmittanceLUT.SampleCount:10.0]]
[2020.01.20-17.21.34:196][  0]LogConfig: Setting CVar [[r.SkyAtmosphere.MultiScatteringLUT.SampleCount:15.0]]
[2020.01.20-17.21.34:196][  0]LogConfig: Applying CVar settings from Section [FoliageQuality@3] File [B:/Unreal Engine Projects/miquelx2-practiques-ue/miquelx2_ue/Saved/Config/Windows/Scalability.ini]
[2020.01.20-17.21.34:196][  0]LogConfig: Setting CVar [[foliage.DensityScale:1.0]]
[2020.01.20-17.21.34:196][  0]LogConfig: Setting CVar [[grass.DensityScale:1.0]]
[2020.01.20-17.21.34:196][  0]LogConfig: Applying CVar settings from Section [ShadingQuality@3] File [B:/Unreal Engine Projects/miquelx2-practiques-ue/miquelx2_ue/Saved/Config/Windows/Scalability.ini]
[2020.01.20-17.21.34:196][  0]LogConfig: Setting CVar [[r.HairStrands.SkyLighting.SampleCount:16]]
[2020.01.20-17.21.34:196][  0]LogConfig: Setting CVar [[r.HairStrands.SkyLighting.JitterIntegration:0]]
[2020.01.20-17.21.34:196][  0]LogConfig: Setting CVar [[r.HairStrands.SkyAO.SampleCount:16]]
[2020.01.20-17.21.34:207][  0]LogInit: Selected Device Profile: [Windows]
[2020.01.20-17.21.34:215][  0]LogInit: Applying CVar settings loaded from the selected device profile: [Windows]
[2020.01.20-17.21.34:329][  0]LogHAL: Display: Platform has ~ 16 GB [17092689920 / 17179869184 / 16], which maps to Larger [LargestMinGB=32, LargerMinGB=12, DefaultMinGB=8, SmallerMinGB=6, SmallestMinGB=0)
[2020.01.20-17.21.34:329][  0]LogInit: Going up to parent DeviceProfile []
[2020.01.20-17.21.34:330][  0]LogConfig: Applying CVar settings from Section [ViewDistanceQuality@3] File [B:/Unreal Engine Projects/miquelx2-practiques-ue/miquelx2_ue/Saved/Config/Windows/Scalability.ini]
[2020.01.20-17.21.34:330][  0]LogConfig: Setting CVar [[r.SkeletalMeshLODBias:0]]
[2020.01.20-17.21.34:330][  0]LogConfig: Setting CVar [[r.ViewDistanceScale:1.0]]
[2020.01.20-17.21.34:330][  0]LogConfig: Applying CVar settings from Section [AntiAliasingQuality@3] File [B:/Unreal Engine Projects/miquelx2-practiques-ue/miquelx2_ue/Saved/Config/Windows/Scalability.ini]
[2020.01.20-17.21.34:330][  0]LogConfig: Setting CVar [[r.PostProcessAAQuality:4]]
[2020.01.20-17.21.34:330][  0]LogConfig: Applying CVar settings from Section [ShadowQuality@3] File [B:/Unreal Engine Projects/miquelx2-practiques-ue/miquelx2_ue/Saved/Config/Windows/Scalability.ini]
[2020.01.20-17.21.34:330][  0]LogConfig: Setting CVar [[r.LightFunctionQuality:1]]
[2020.01.20-17.21.34:330][  0]LogConfig: Setting CVar [[r.ShadowQuality:5]]
[2020.01.20-17.21.34:330][  0]LogConfig: Setting CVar [[r.Shadow.CSM.MaxCascades:10]]
[2020.01.20-17.21.34:330][  0]LogConfig: Setting CVar [[r.Shadow.MaxResolution:2048]]
[2020.01.20-17.21.34:330][  0]LogConfig: Setting CVar [[r.Shadow.MaxCSMResolution:2048]]
[2020.01.20-17.21.34:330][  0]LogConfig: Setting CVar [[r.Shadow.RadiusThreshold:0.01]]
[2020.01.20-17.21.34:330][  0]LogConfig: Setting CVar [[r.Shadow.DistanceScale:1.0]]
[2020.01.20-17.21.34:330][  0]LogConfig: Setting CVar [[r.Shadow.CSM.TransitionScale:1.0]]
[2020.01.20-17.21.34:330][  0]LogConfig: Setting CVar [[r.Shadow.PreShadowResolutionFactor:1.0]]
[2020.01.20-17.21.34:330][  0]LogConfig: Setting CVar [[r.DistanceFieldShadowing:1]]
[2020.01.20-17.21.34:331][  0]LogConfig: Setting CVar [[r.DistanceFieldAO:1]]
[2020.01.20-17.21.34:331][  0]LogConfig: Setting CVar [[r.AOQuality:2]]
[2020.01.20-17.21.34:331][  0]LogConfig: Setting CVar [[r.VolumetricFog:1]]
[2020.01.20-17.21.34:331][  0]LogConfig: Setting CVar [[r.VolumetricFog.GridPixelSize:8]]
[2020.01.20-17.21.34:331][  0]LogConfig: Setting CVar [[r.VolumetricFog.GridSizeZ:128]]
[2020.01.20-17.21.34:331][  0]LogConfig: Setting CVar [[r.VolumetricFog.HistoryMissSupersampleCount:4]]
[2020.01.20-17.21.34:331][  0]LogConfig: Setting CVar [[r.LightMaxDrawDistanceScale:1]]
[2020.01.20-17.21.34:331][  0]LogConfig: Setting CVar [[r.CapsuleShadows:1]]
[2020.01.20-17.21.34:331][  0]LogConfig: Applying CVar settings from Section [PostProcessQuality@3] File [B:/Unreal Engine Projects/miquelx2-practiques-ue/miquelx2_ue/Saved/Config/Windows/Scalability.ini]
[2020.01.20-17.21.34:331][  0]LogConfig: Setting CVar [[r.MotionBlurQuality:4]]
[2020.01.20-17.21.34:331][  0]LogConfig: Setting CVar [[r.AmbientOcclusionMipLevelFactor:0.4]]
[2020.01.20-17.21.34:331][  0]LogConfig: Setting CVar [[r.AmbientOcclusionMaxQuality:100]]
[2020.01.20-17.21.34:331][  0]LogConfig: Setting CVar [[r.AmbientOcclusionLevels:-1]]
[2020.01.20-17.21.34:331][  0]LogConfig: Setting CVar [[r.AmbientOcclusionRadiusScale:1.0]]
[2020.01.20-17.21.34:331][  0]LogConfig: Setting CVar [[r.DepthOfFieldQuality:2]]
[2020.01.20-17.21.34:331][  0]LogConfig: Setting CVar [[r.RenderTargetPoolMin:400]]
[2020.01.20-17.21.34:331][  0]LogConfig: Setting CVar [[r.LensFlareQuality:2]]
[2020.01.20-17.21.34:331][  0]LogConfig: Setting CVar [[r.SceneColorFringeQuality:1]]
[2020.01.20-17.21.34:331][  0]LogConfig: Setting CVar [[r.EyeAdaptationQuality:2]]
[2020.01.20-17.21.34:331][  0]LogConfig: Setting CVar [[r.BloomQuality:5]]
[2020.01.20-17.21.34:331][  0]LogConfig: Setting CVar [[r.FastBlurThreshold:100]]
[2020.01.20-17.21.34:331][  0]LogConfig: Setting CVar [[r.Upscale.Quality:3]]
[2020.01.20-17.21.34:331][  0]LogConfig: Setting CVar [[r.Tonemapper.GrainQuantization:1]]
[2020.01.20-17.21.34:331][  0]LogConfig: Setting CVar [[r.LightShaftQuality:1]]
[2020.01.20-17.21.34:331][  0]LogConfig: Setting CVar [[r.Filter.SizeScale:1]]
[2020.01.20-17.21.34:331][  0]LogConfig: Setting CVar [[r.Tonemapper.Quality:5]]
[2020.01.20-17.21.34:331][  0]LogConfig: Setting CVar [[r.DOF.Gather.AccumulatorQuality:1        ; higher gathering accumulator quality]]
[2020.01.20-17.21.34:331][  0]LogConfig: Setting CVar [[r.DOF.Gather.PostfilterMethod:1          ; Median3x3 postfilering method]]
[2020.01.20-17.21.34:331][  0]LogConfig: Setting CVar [[r.DOF.Gather.EnableBokehSettings:0       ; no bokeh simulation when gathering]]
[2020.01.20-17.21.34:331][  0]LogConfig: Setting CVar [[r.DOF.Gather.RingCount:4                 ; medium number of samples when gathering]]
[2020.01.20-17.21.34:331][  0]LogConfig: Setting CVar [[r.DOF.Scatter.ForegroundCompositing:1    ; additive foreground scattering]]
[2020.01.20-17.21.34:331][  0]LogConfig: Setting CVar [[r.DOF.Scatter.BackgroundCompositing:2    ; additive background scattering]]
[2020.01.20-17.21.34:331][  0]LogConfig: Setting CVar [[r.DOF.Scatter.EnableBokehSettings:1      ; bokeh simulation when scattering]]
[2020.01.20-17.21.34:331][  0]LogConfig: Setting CVar [[r.DOF.Scatter.MaxSpriteRatio:0.1         ; only a maximum of 10% of scattered bokeh]]
[2020.01.20-17.21.34:331][  0]LogConfig: Setting CVar [[r.DOF.Recombine.Quality:1                ; cheap slight out of focus]]
[2020.01.20-17.21.34:331][  0]LogConfig: Setting CVar [[r.DOF.Recombine.EnableBokehSettings:0    ; no bokeh simulation on slight out of focus]]
[2020.01.20-17.21.34:331][  0]LogConfig: Setting CVar [[r.DOF.TemporalAAQuality:1                ; more stable temporal accumulation]]
[2020.01.20-17.21.34:331][  0]LogConfig: Setting CVar [[r.DOF.Kernel.MaxForegroundRadius:0.025]]
[2020.01.20-17.21.34:331][  0]LogConfig: Setting CVar [[r.DOF.Kernel.MaxBackgroundRadius:0.025]]
[2020.01.20-17.21.34:331][  0]LogConfig: Applying CVar settings from Section [TextureQuality@3] File [B:/Unreal Engine Projects/miquelx2-practiques-ue/miquelx2_ue/Saved/Config/Windows/Scalability.ini]
[2020.01.20-17.21.34:331][  0]LogConfig: Setting CVar [[r.Streaming.MipBias:0]]
[2020.01.20-17.21.34:331][  0]LogConfig: Setting CVar [[r.Streaming.AmortizeCPUToGPUCopy:0]]
[2020.01.20-17.21.34:331][  0]LogConfig: Setting CVar [[r.Streaming.MaxNumTexturesToStreamPerFrame:0]]
[2020.01.20-17.21.34:331][  0]LogConfig: Setting CVar [[r.Streaming.Boost:1]]
[2020.01.20-17.21.34:331][  0]LogConfig: Setting CVar [[r.MaxAnisotropy:8]]
[2020.01.20-17.21.34:331][  0]LogConfig: Setting CVar [[r.VT.MaxAnisotropy:8]]
[2020.01.20-17.21.34:331][  0]LogConfig: Setting CVar [[r.Streaming.LimitPoolSizeToVRAM:0]]
[2020.01.20-17.21.34:331][  0]LogConfig: Setting CVar [[r.Streaming.PoolSize:1000]]
[2020.01.20-17.21.34:331][  0]LogConfig: Setting CVar [[r.Streaming.MaxEffectiveScreenSize:0]]
[2020.01.20-17.21.34:331][  0]LogConfig: Applying CVar settings from Section [EffectsQuality@3] File [B:/Unreal Engine Projects/miquelx2-practiques-ue/miquelx2_ue/Saved/Config/Windows/Scalability.ini]
[2020.01.20-17.21.34:331][  0]LogConfig: Setting CVar [[r.TranslucencyLightingVolumeDim:64]]
[2020.01.20-17.21.34:331][  0]LogConfig: Setting CVar [[r.RefractionQuality:2]]
[2020.01.20-17.21.34:331][  0]LogConfig: Setting CVar [[r.SSR.Quality:3]]
[2020.01.20-17.21.34:331][  0]LogConfig: Setting CVar [[r.SSR.HalfResSceneColor:0]]
[2020.01.20-17.21.34:331][  0]LogConfig: Setting CVar [[r.SceneColorFormat:4]]
[2020.01.20-17.21.34:331][  0]LogConfig: Setting CVar [[r.DetailMode:2]]
[2020.01.20-17.21.34:331][  0]LogConfig: Setting CVar [[r.TranslucencyVolumeBlur:1]]
[2020.01.20-17.21.34:331][  0]LogConfig: Setting CVar [[r.MaterialQualityLevel:1 ; High quality]]
[2020.01.20-17.21.34:331][  0]LogConfig: Setting CVar [[r.SSS.Scale:1]]
[2020.01.20-17.21.34:331][  0]LogConfig: Setting CVar [[r.SSS.SampleSet:2]]
[2020.01.20-17.21.34:331][  0]LogConfig: Setting CVar [[r.SSS.Quality:1]]
[2020.01.20-17.21.34:331][  0]LogConfig: Setting CVar [[r.SSS.HalfRes:1]]
[2020.01.20-17.21.34:331][  0]LogConfig: Setting CVar [[r.SSGI.Quality:3]]
[2020.01.20-17.21.34:331][  0]LogConfig: Setting CVar [[r.EmitterSpawnRateScale:1.0]]
[2020.01.20-17.21.34:331][  0]LogConfig: Setting CVar [[r.ParticleLightQuality:2]]
[2020.01.20-17.21.34:331][  0]LogConfig: Setting CVar [[r.SkyAtmosphere.AerialPerspectiveLUT.FastApplyOnOpaque:1 ; Always have FastSkyLUT 1 in this case to avoid wrong sky]]
[2020.01.20-17.21.34:331][  0]LogConfig: Setting CVar [[r.SkyAtmosphere.AerialPerspectiveLUT.SampleCountPerSlice:1]]
[2020.01.20-17.21.34:331][  0]LogConfig: Setting CVar [[r.SkyAtmosphere.AerialPerspectiveLUT.DepthResolution:16.0]]
[2020.01.20-17.21.34:331][  0]LogConfig: Setting CVar [[r.SkyAtmosphere.FastSkyLUT:1]]
[2020.01.20-17.21.34:331][  0]LogConfig: Setting CVar [[r.SkyAtmosphere.FastSkyLUT.SampleCountMin:4.0]]
[2020.01.20-17.21.34:331][  0]LogConfig: Setting CVar [[r.SkyAtmosphere.FastSkyLUT.SampleCountMax:32.0]]
[2020.01.20-17.21.34:331][  0]LogConfig: Setting CVar [[r.SkyAtmosphere.SampleCountMin:4.0]]
[2020.01.20-17.21.34:331][  0]LogConfig: Setting CVar [[r.SkyAtmosphere.SampleCountMax:32.0]]
[2020.01.20-17.21.34:331][  0]LogConfig: Setting CVar [[r.SkyAtmosphere.TransmittanceLUT.UseSmallFormat:0]]
[2020.01.20-17.21.34:331][  0]LogConfig: Setting CVar [[r.SkyAtmosphere.TransmittanceLUT.SampleCount:10.0]]
[2020.01.20-17.21.34:331][  0]LogConfig: Setting CVar [[r.SkyAtmosphere.MultiScatteringLUT.SampleCount:15.0]]
[2020.01.20-17.21.34:331][  0]LogConfig: Applying CVar settings from Section [FoliageQuality@3] File [B:/Unreal Engine Projects/miquelx2-practiques-ue/miquelx2_ue/Saved/Config/Windows/Scalability.ini]
[2020.01.20-17.21.34:331][  0]LogConfig: Setting CVar [[foliage.DensityScale:1.0]]
[2020.01.20-17.21.34:331][  0]LogConfig: Setting CVar [[grass.DensityScale:1.0]]
[2020.01.20-17.21.34:331][  0]LogConfig: Applying CVar settings from Section [ShadingQuality@3] File [B:/Unreal Engine Projects/miquelx2-practiques-ue/miquelx2_ue/Saved/Config/Windows/Scalability.ini]
[2020.01.20-17.21.34:331][  0]LogConfig: Setting CVar [[r.HairStrands.SkyLighting.SampleCount:16]]
[2020.01.20-17.21.34:331][  0]LogConfig: Setting CVar [[r.HairStrands.SkyLighting.JitterIntegration:0]]
[2020.01.20-17.21.34:331][  0]LogConfig: Setting CVar [[r.HairStrands.SkyAO.SampleCount:16]]
[2020.01.20-17.21.34:331][  0]LogConfig: Applying CVar settings from Section [Startup] File [../../../Engine/Config/ConsoleVariables.ini]
[2020.01.20-17.21.34:353][  0]LogConfig: Setting CVar [[net.UseAdaptiveNetUpdateFrequency:0]]
[2020.01.20-17.21.34:353][  0]LogConfig: Setting CVar [[p.chaos.AllowCreatePhysxBodies:1]]
[2020.01.20-17.21.34:353][  0]LogConfig: Applying CVar settings from Section [ConsoleVariables] File [B:/Unreal Engine Projects/miquelx2-practiques-ue/miquelx2_ue/Saved/Config/Windows/Engine.ini]
[2020.01.20-17.21.34:399][  0]LogInit: Computer: GUSPYRO-PC
[2020.01.20-17.21.34:399][  0]LogInit: User: Guspyro
[2020.01.20-17.21.34:399][  0]LogInit: CPU Page size=4096, Cores=4
[2020.01.20-17.21.34:399][  0]LogInit: High frequency timer resolution =10.000000 MHz
[2020.01.20-17.21.34:399][  0]LogMemory: Memory total: Physical=15.9GB (16GB approx)
[2020.01.20-17.21.34:410][  0]LogMemory: Platform Memory Stats for Windows
[2020.01.20-17.21.34:410][  0]LogMemory: Process Physical Memory: 105.59 MB used, 105.59 MB peak
[2020.01.20-17.21.34:410][  0]LogMemory: Process Virtual Memory: 100.49 MB used, 100.49 MB peak
[2020.01.20-17.21.34:410][  0]LogMemory: Physical Memory: 7903.14 MB used,  8397.71 MB free, 16300.86 MB total
[2020.01.20-17.21.34:410][  0]LogMemory: Virtual Memory: 5151.94 MB used,  134212576.00 MB free, 134217728.00 MB total
[2020.01.20-17.21.34:418][  0]LogWindows: WindowsPlatformFeatures enabled
[2020.01.20-17.21.35:473][  0]LogInit: Overriding language with editor language configuration option (en).
[2020.01.20-17.21.35:473][  0]LogInit: Overriding locale with editor culture configuration option ().
[2020.01.20-17.21.35:473][  0]LogInit: Using OS detected locale (es-ES).
[2020.01.20-17.21.36:316][  0]LogInit: Setting process to per monitor DPI aware
[2020.01.20-17.21.37:326][  0]LogSlate: New Slate User Created.  User Index 0, Is Virtual User: 0
[2020.01.20-17.21.37:326][  0]LogSlate: Slate User Registered.  User Index 0, Is Virtual User: 0
[2020.01.20-17.21.42:111][  0]LogHMD: Failed to initialize OpenVR with code 110
[2020.01.20-17.21.42:111][  0]LogD3D11RHI: D3D11 min allowed feature level: 11_0
[2020.01.20-17.21.42:111][  0]LogD3D11RHI: D3D11 max allowed feature level: 11_0
[2020.01.20-17.21.42:111][  0]LogD3D11RHI: D3D11 adapters:
[2020.01.20-17.21.42:183][  0]LogD3D11RHI:    0. 'NVIDIA GeForce GTX 970' (Feature Level 11_0)
[2020.01.20-17.21.42:183][  0]LogD3D11RHI:       4043/0/8150 MB DedicatedVideo/DedicatedSystem/SharedSystem, Outputs:1, VendorId:0x10de
[2020.01.20-17.21.42:230][  0]LogD3D11RHI:    1. 'Intel(R) HD Graphics 4600' (Feature Level 11_0)
[2020.01.20-17.21.42:230][  0]LogD3D11RHI:       112/0/2048 MB DedicatedVideo/DedicatedSystem/SharedSystem, Outputs:0, VendorId:0x8086
[2020.01.20-17.21.42:233][  0]LogD3D11RHI:    2. 'Microsoft Basic Render Driver' (Feature Level 11_0)
[2020.01.20-17.21.42:233][  0]LogD3D11RHI:       0/0/8150 MB DedicatedVideo/DedicatedSystem/SharedSystem, Outputs:0, VendorId:0x1414
[2020.01.20-17.21.42:233][  0]LogD3D11RHI: Chosen D3D11 Adapter: 0
[2020.01.20-17.21.42:257][  0]LogD3D11RHI: Creating new Direct3DDevice
[2020.01.20-17.21.42:257][  0]LogD3D11RHI:     GPU DeviceId: 0x13c2 (for the marketing name, search the web for "GPU Device Id")
[2020.01.20-17.21.42:257][  0]LogWindows: EnumDisplayDevices:
[2020.01.20-17.21.42:257][  0]LogWindows:    0. 'NVIDIA GeForce GTX 970' (P:1 D:1)
[2020.01.20-17.21.42:272][  0]LogWindows:    1. 'NVIDIA GeForce GTX 970' (P:0 D:0)
[2020.01.20-17.21.42:273][  0]LogWindows:    2. 'NVIDIA GeForce GTX 970' (P:0 D:0)
[2020.01.20-17.21.42:273][  0]LogWindows:    3. 'NVIDIA GeForce GTX 970' (P:0 D:0)
[2020.01.20-17.21.42:273][  0]LogWindows:    4. 'Intel(R) HD Graphics 4600' (P:0 D:0)
[2020.01.20-17.21.42:273][  0]LogWindows:    5. 'Intel(R) HD Graphics 4600' (P:0 D:0)
[2020.01.20-17.21.42:273][  0]LogWindows:    6. 'Intel(R) HD Graphics 4600' (P:0 D:0)
[2020.01.20-17.21.42:274][  0]LogWindows: DebugString: PrimaryIsNotTheChoosenAdapter PrimaryIsNotTheChoosenAdapter PrimaryIsNotTheChoosenAdapter FoundDriverCount:4 
[2020.01.20-17.21.42:274][  0]LogD3D11RHI:     Adapter Name: NVIDIA GeForce GTX 970
[2020.01.20-17.21.42:274][  0]LogD3D11RHI:   Driver Version: 441.87 (internal:26.21.14.4187, unified:441.87)
[2020.01.20-17.21.42:274][  0]LogD3D11RHI:      Driver Date: 12-24-2019
[2020.01.20-17.21.42:274][  0]LogRHI: Texture pool is 2830 MB (70% of 4043 MB)
[2020.01.20-17.21.42:331][  0]LogD3D11RHI: RHI has support for 64 bit atomics
[2020.01.20-17.21.42:331][  0]LogD3D11RHI: Async texture creation enabled
[2020.01.20-17.21.42:759][  0]LogD3D11RHI: GPU Timing Frequency: 1000.000000 (Debug: 2 1)
[2020.01.20-17.21.44:430][  0]LogTargetPlatformManager: Display: Loaded TargetPlatform 'AllDesktop'
[2020.01.20-17.21.44:511][  0]LogTargetPlatformManager: Display: Loaded TargetPlatform 'Android'
[2020.01.20-17.21.44:511][  0]LogTargetPlatformManager: Display: Loaded TargetPlatform 'Android_ASTC'
[2020.01.20-17.21.44:511][  0]LogTargetPlatformManager: Display: Loaded TargetPlatform 'Android_ATC'
[2020.01.20-17.21.44:511][  0]LogTargetPlatformManager: Display: Loaded TargetPlatform 'Android_DXT'
[2020.01.20-17.21.44:511][  0]LogTargetPlatformManager: Display: Loaded TargetPlatform 'Android_ETC1'
[2020.01.20-17.21.44:511][  0]LogTargetPlatformManager: Display: Loaded TargetPlatform 'Android_ETC1a'
[2020.01.20-17.21.44:511][  0]LogTargetPlatformManager: Display: Loaded TargetPlatform 'Android_ETC2'
[2020.01.20-17.21.44:511][  0]LogTargetPlatformManager: Display: Loaded TargetPlatform 'Android_PVRTC'
[2020.01.20-17.21.44:511][  0]LogTargetPlatformManager: Display: Loaded TargetPlatform 'AndroidClient'
[2020.01.20-17.21.44:511][  0]LogTargetPlatformManager: Display: Loaded TargetPlatform 'Android_ASTCClient'
[2020.01.20-17.21.44:511][  0]LogTargetPlatformManager: Display: Loaded TargetPlatform 'Android_ATCClient'
[2020.01.20-17.21.44:511][  0]LogTargetPlatformManager: Display: Loaded TargetPlatform 'Android_DXTClient'
[2020.01.20-17.21.44:511][  0]LogTargetPlatformManager: Display: Loaded TargetPlatform 'Android_ETC1Client'
[2020.01.20-17.21.44:511][  0]LogTargetPlatformManager: Display: Loaded TargetPlatform 'Android_ETC1aClient'
[2020.01.20-17.21.44:511][  0]LogTargetPlatformManager: Display: Loaded TargetPlatform 'Android_ETC2Client'
[2020.01.20-17.21.44:511][  0]LogTargetPlatformManager: Display: Loaded TargetPlatform 'Android_PVRTCClient'
[2020.01.20-17.21.44:511][  0]LogTargetPlatformManager: Display: Loaded TargetPlatform 'Android_Multi'
[2020.01.20-17.21.44:511][  0]LogTargetPlatformManager: Display: Loaded TargetPlatform 'Android_MultiClient'
[2020.01.20-17.21.44:660][  0]LogTargetPlatformManager: Display: Loaded TargetPlatform 'IOSClient'
[2020.01.20-17.21.44:660][  0]LogTargetPlatformManager: Display: Loaded TargetPlatform 'IOS'
[2020.01.20-17.21.44:694][  0]LogTargetPlatformManager: Display: Loaded TargetPlatform 'LinuxNoEditor'
[2020.01.20-17.21.44:732][  0]LogTargetPlatformManager: Display: Loaded TargetPlatform 'LinuxClient'
[2020.01.20-17.21.44:770][  0]LogTargetPlatformManager: Display: Loaded TargetPlatform 'LinuxServer'
[2020.01.20-17.21.44:803][  0]LogTargetPlatformManager: Display: Loaded TargetPlatform 'LinuxAArch64NoEditor'
[2020.01.20-17.21.44:829][  0]LogTargetPlatformManager: Display: Loaded TargetPlatform 'LinuxAArch64Client'
[2020.01.20-17.21.44:862][  0]LogTargetPlatformManager: Display: Loaded TargetPlatform 'LinuxAArch64Server'
[2020.01.20-17.21.44:938][  0]LogTargetPlatformManager: Display: Loaded TargetPlatform 'Lumin'
[2020.01.20-17.21.44:938][  0]LogTargetPlatformManager: Display: Loaded TargetPlatform 'LuminClient'
[2020.01.20-17.21.44:985][  0]LogTargetPlatformManager: Display: Loaded TargetPlatform 'TVOSClient'
[2020.01.20-17.21.44:985][  0]LogTargetPlatformManager: Display: Loaded TargetPlatform 'TVOS'
[2020.01.20-17.21.45:050][  0]LogTargetPlatformManager: Display: Loaded TargetPlatform 'WindowsNoEditor'
[2020.01.20-17.21.45:087][  0]LogTargetPlatformManager: Display: Loaded TargetPlatform 'Windows'
[2020.01.20-17.21.45:118][  0]LogTargetPlatformManager: Display: Loaded TargetPlatform 'WindowsClient'
[2020.01.20-17.21.45:181][  0]LogTargetPlatformManager: Display: Loaded TargetPlatform 'WindowsServer'
[2020.01.20-17.21.45:181][  0]LogTargetPlatformManager: Display: Building Assets For Windows
[2020.01.20-17.21.45:416][  0]LogAudioDebug: Display: Lib vorbis DLL was dynamically loaded.
[2020.01.20-17.21.46:231][  0]LogShaderCompilers: Guid format shader working directory is -25 characters bigger than the processId version (../../../../../Unreal Engine Projects/miquelx2-practiques-ue/miquelx2_ue/Intermediate/Shaders/WorkingDirectory/16308/).
[2020.01.20-17.21.46:231][  0]LogShaderCompilers: Cleaned the shader compiler working directory 'C:/Users/Guspyro/AppData/Local/Temp/UnrealShaderWorkingDir/D63E30C8448FA35E22EAE9BB45EE790A/'.
[2020.01.20-17.21.46:251][  0]LogXGEController: Cleaning working directory: C:/Users/Guspyro/AppData/Local/Temp/UnrealXGEWorkingDir/
[2020.01.20-17.21.46:251][  0]LogXGEController: Cannot use XGE Controller as Incredibuild is not installed on this machine.
[2020.01.20-17.21.46:252][  0]LogShaderCompilers: Cannot use XGE Shader Compiler as Incredibuild is not installed on this machine.
[2020.01.20-17.21.46:252][  0]LogShaderCompilers: Display: Using Local Shader Compiler.
[2020.01.20-17.22.01:489][  0]LogDerivedDataCache: Display: Max Cache Size: 512 MB
[2020.01.20-17.22.01:701][  0]LogDerivedDataCache: Loaded boot cache 0.21s 78MB C:/Users/Guspyro/AppData/Local/UnrealEngine/4.24/DerivedDataCache/Boot.ddc.
[2020.01.20-17.22.01:701][  0]LogDerivedDataCache: Display: Loaded Boot cache: C:/Users/Guspyro/AppData/Local/UnrealEngine/4.24/DerivedDataCache/Boot.ddc
[2020.01.20-17.22.01:702][  0]LogDerivedDataCache: FDerivedDataBackendGraph:  Pak pak cache file ../../../../../Unreal Engine Projects/miquelx2-practiques-ue/miquelx2_ue/DerivedDataCache/DDC.ddp not found, will not use a pak cache.
[2020.01.20-17.22.01:702][  0]LogDerivedDataCache: Unable to find inner node Pak for hierarchical cache Hierarchy.
[2020.01.20-17.22.01:702][  0]LogDerivedDataCache: FDerivedDataBackendGraph:  CompressedPak pak cache file ../../../../../Unreal Engine Projects/miquelx2-practiques-ue/miquelx2_ue/DerivedDataCache/Compressed.ddp not found, will not use a pak cache.
[2020.01.20-17.22.01:702][  0]LogDerivedDataCache: Unable to find inner node CompressedPak for hierarchical cache Hierarchy.
[2020.01.20-17.22.01:944][  0]LogDerivedDataCache: Display: Pak cache opened for reading ../../../Engine/DerivedDataCache/Compressed.ddp.
[2020.01.20-17.22.01:944][  0]LogDerivedDataCache: FDerivedDataBackendGraph:  EnterprisePak pak cache file ../../../Enterprise/DerivedDataCache/Compressed.ddp not found, will not use a pak cache.
[2020.01.20-17.22.01:944][  0]LogDerivedDataCache: Unable to find inner node EnterprisePak for hierarchical cache Hierarchy.
[2020.01.20-17.22.01:947][  0]LogDerivedDataCache: Using Local data cache path C:/Users/Guspyro/AppData/Local/UnrealEngine/Common/DerivedDataCache: Writable
[2020.01.20-17.22.01:947][  0]LogDerivedDataCache: Shared data cache path not found in *engine.ini, will not use an Shared cache.
[2020.01.20-17.22.01:947][  0]LogDerivedDataCache: Unable to find inner node Shared for hierarchical cache Hierarchy.
[2020.01.20-17.22.02:388][  0]LogMaterial: Verifying Global Shaders for PCD3D_SM5
[2020.01.20-17.22.03:549][  0]LogSlate: Using FreeType 2.10.0
[2020.01.20-17.22.05:714][  0]LogSlate: SlateFontServices - WITH_FREETYPE: 1, WITH_HARFBUZZ: 1
[2020.01.20-17.22.11:766][  0]LogAssetRegistry: FAssetRegistry took 0.0069 seconds to start up
[2020.01.20-17.22.25:059][  0]LogInit: Selected Device Profile: [Windows]
[2020.01.20-17.22.27:710][  0]LogMeshReduction: Using QuadricMeshReduction for automatic static mesh reduction
[2020.01.20-17.22.27:710][  0]LogMeshReduction: Using SimplygonMeshReduction for automatic skeletal mesh reduction
[2020.01.20-17.22.27:710][  0]LogMeshReduction: Using ProxyLODMeshReduction for automatic mesh merging
[2020.01.20-17.22.27:710][  0]LogMeshReduction: No distributed automatic mesh merging module available
[2020.01.20-17.22.27:710][  0]LogMeshMerging: No distributed automatic mesh merging module available
[2020.01.20-17.22.28:551][  0]LogNetVersion: miquelx2_ue 1.0.0, NetCL: 10570792, EngineNetVer: 13, GameNetVer: 0 (Checksum: 4246343925)
[2020.01.20-17.22.53:927][  0]LogPackageLocalizationCache: Processed 10 localized package path(s) for 1 prioritized culture(s) in 0.619589 seconds
[2020.01.20-17.22.54:318][  0]LogUObjectArray: 46750 objects as part of root set at end of initial load.
[2020.01.20-17.22.54:318][  0]LogUObjectAllocator: 8137160 out of 0 bytes used by permanent object pool.
[2020.01.20-17.22.54:318][  0]LogUObjectArray: CloseDisregardForGC: 0/0 objects in disregard for GC pool
[2020.01.20-17.23.01:243][  0]LogTcpMessaging: Initializing TcpMessaging bridge
[2020.01.20-17.23.01:322][  0]LogUdpMessaging: Initializing bridge on interface 0.0.0.0:0 to multicast group 230.0.0.1:6666.
[2020.01.20-17.23.05:825][  0]SourceControl: Source control is disabled
[2020.01.20-17.23.05:944][  0]SourceControl: Source control is disabled
[2020.01.20-17.23.06:588][  0]SourceControl: Source control is disabled
[2020.01.20-17.23.06:971][  0]SourceControl: Source control is disabled
[2020.01.20-17.23.07:097][  0]SourceControl: Source control is disabled
[2020.01.20-17.23.07:472][  0]LogVSAccessor: Display: Unable to create Visual Studio setup instance: 80040154
[2020.01.20-17.23.07:472][  0]LogVSAccessor: Display: Unable to create Visual Studio setup instance: 80040154
[2020.01.20-17.23.10:203][  0]LogAndroidPermission: UAndroidPermissionCallbackProxy::GetInstance
[2020.01.20-17.23.10:567][  0]LogAudioCaptureCore: Display: No Audio Capture implementations found. Audio input will be silent.
[2020.01.20-17.23.10:567][  0]LogAudioCaptureCore: Display: No Audio Capture implementations found. Audio input will be silent.
[2020.01.20-17.23.11:231][  0]LogOcInput: OculusInput pre-init called
[2020.01.20-17.23.11:315][  0]LogWindows: Failed to load 'OVRPlugin.dll' (GetLastError=126)
[2020.01.20-17.23.11:315][  0]LogWindows: File 'OVRPlugin.dll' does not exist
[2020.01.20-17.23.13:889][  0]LogEngine: Initializing Engine...
[2020.01.20-17.23.13:971][  0]LogHMD: Failed to initialize OpenVR with code 110
[2020.01.20-17.23.14:224][  0]LogStats: UGameplayTagsManager::InitializeManager -  0.061 s
[2020.01.20-17.23.15:398][  0]LogInit: Initializing FReadOnlyCVARCache
[2020.01.20-17.23.16:268][  0]LogAIModule: Creating AISystem for world Untitled
[2020.01.20-17.23.16:606][  0]LogAudioMixer: Display: Audio Mixer Platform Settings:
[2020.01.20-17.23.16:606][  0]LogAudioMixer: Display: 	Sample Rate:						  48000
[2020.01.20-17.23.16:606][  0]LogAudioMixer: Display: 	Callback Buffer Frame Size Requested: 1024
[2020.01.20-17.23.16:606][  0]LogAudioMixer: Display: 	Callback Buffer Frame Size To Use:	  1024
[2020.01.20-17.23.16:606][  0]LogAudioMixer: Display: 	Number of buffers to queue:			  2
[2020.01.20-17.23.16:606][  0]LogAudioMixer: Display: 	Max Channels (voices):				  32
[2020.01.20-17.23.16:606][  0]LogAudioMixer: Display: 	Number of Async Source Workers:		  0
[2020.01.20-17.23.16:607][  0]LogAudio: Display: AudioDevice MaxSources: 32
[2020.01.20-17.23.16:610][  0]LogAudio: Display: Using built-in audio occlusion.
[2020.01.20-17.23.16:611][  0]LogAudioMixer: Display: Initializing audio mixer.
[2020.01.20-17.23.16:673][  0]LogAudioMixer: Display: Audio Device Output Speaker Info:
[2020.01.20-17.23.16:673][  0]LogAudioMixer: Display: Name: Salida digital (USB PnP Sound Device)
[2020.01.20-17.23.16:673][  0]LogAudioMixer: Display: Is Default: Yes
[2020.01.20-17.23.16:673][  0]LogAudioMixer: Display: Sample Rate: 48000
[2020.01.20-17.23.16:673][  0]LogAudioMixer: Display: Channel Count Used: 2
[2020.01.20-17.23.16:673][  0]LogAudioMixer: Display: Device Channel Count: 2
[2020.01.20-17.23.16:673][  0]LogAudioMixer: Display: Channel Order:
[2020.01.20-17.23.16:673][  0]LogAudioMixer: Display: 0: FrontLeft
[2020.01.20-17.23.16:673][  0]LogAudioMixer: Display: 1: FrontRight
[2020.01.20-17.23.16:689][  0]LogAudioMixer: Display: Using Audio Device Salida digital (USB PnP Sound Device)
[2020.01.20-17.23.16:727][  0]LogInit: FAudioDevice initialized.
[2020.01.20-17.23.16:741][  0]LogNetVersion: Set ProjectVersion to 1.0.0.0. Version Checksum will be recalculated on next use.
[2020.01.20-17.23.16:815][  0]LogDerivedDataCache: Saved boot cache 0.07s 78MB C:/Users/Guspyro/AppData/Local/UnrealEngine/4.24/DerivedDataCache/Boot.ddc.
[2020.01.20-17.23.16:864][  0]LogInit: Texture streaming: Enabled
[2020.01.20-17.23.18:459][  0]LogEngineSessionManager: EngineSessionManager initialized
[2020.01.20-17.23.18:477][  0]LogEditorSessionSummary: Verbose: Initializing EditorSessionSummaryWriter for editor session tracking
[2020.01.20-17.23.18:510][  0]LogEditorSessionSummary: EditorSessionSummaryWriter initialized
[2020.01.20-17.23.19:136][  0]LogInit: Transaction tracking system initialized
[2020.01.20-17.23.19:607][  0]BlueprintLog: New page: Editor Load
[2020.01.20-17.23.21:228][  0]LocalizationService: Localization service is disabled
[2020.01.20-17.23.22:494][  0]LogVSAccessor: Display: Unable to create Visual Studio setup instance: 80040154
[2020.01.20-17.23.22:494][  0]LogVSAccessor: Display: Unable to create Visual Studio setup instance: 80040154
[2020.01.20-17.23.26:373][  0]LogFileCache: Scanning file cache for directory 'B:/Unreal Engine Projects/miquelx2-practiques-ue/miquelx2_ue/Content/' took 0.06s
[2020.01.20-17.23.26:373][  0]LogCook: Display: Max memory allowance for cook 16384mb min free memory 0mb
[2020.01.20-17.23.26:374][  0]LogCook: Display: Mobile HDR setting 1
[2020.01.20-17.23.32:834][  0]SourceControl: Source control is disabled
[2020.01.20-17.23.32:881][  0]Cmd: MAP LOAD FILE="../../../../../Unreal Engine Projects/miquelx2-practiques-ue/miquelx2_ue/Content/ThirdPersonBP/Maps/ThirdPersonExampleMap.umap" TEMPLATE=0 SHOWPROGRESS=1 FEATURELEVEL=3
[2020.01.20-17.23.32:913][  0]LightingResults: New page: Lighting Build
[2020.01.20-17.23.33:445][  0]LogWorld: UWorld::CleanupWorld for Untitled, bSessionEnded=true, bCleanupResources=true
[2020.01.20-17.23.33:527][  0]LogSlate: InvalidateAllWidgets triggered.  All widgets were invalidated
[2020.01.20-17.23.33:590][  0]MapCheck: New page: Map Check
[2020.01.20-17.23.33:590][  0]LightingResults: New page: Lighting Build
[2020.01.20-17.23.34:793][  0]LogUObjectHash: Compacting FUObjectHashTables data took   3.20ms
[2020.01.20-17.23.39:096][  0]LogAIModule: Creating AISystem for world ThirdPersonExampleMap
[2020.01.20-17.23.40:081][  0]LogEditorServer: Finished looking for orphan Actors (0.000 secs)
[2020.01.20-17.23.40:795][  0]LogUObjectHash: Compacting FUObjectHashTables data took   2.29ms
[2020.01.20-17.23.40:834][  0]Cmd: MAP CHECKDEP NOCLEARLOG
[2020.01.20-17.23.40:846][  0]MapCheck: Map check complete: 0 Error(s), 0 Warning(s), took 11,937ms to complete.
[2020.01.20-17.23.40:858][  0]LogFileHelpers: Loading map 'ThirdPersonExampleMap' took 8.006
[2020.01.20-17.23.43:965][  0]LogSlate: Updating window title bar state: overlay mode, drag disabled, window buttons hidden, title bar hidden
[2020.01.20-17.23.43:986][  0]LogSlate: Updating window title bar state: overlay mode, drag disabled, window buttons hidden, title bar hidden
[2020.01.20-17.23.43:993][  0]LogSlate: Updating window title bar state: overlay mode, drag disabled, window buttons hidden, title bar hidden
[2020.01.20-17.23.43:999][  0]LogSlate: Updating window title bar state: overlay mode, drag disabled, window buttons hidden, title bar hidden
[2020.01.20-17.23.44:356][  0]LogCollectionManager: Loaded 0 collections in 0.002427 seconds
[2020.01.20-17.23.44:509][  0]LogFileCache: Scanning file cache for directory 'B:/Unreal Engine Projects/miquelx2-practiques-ue/miquelx2_ue/Saved/Collections/' took 0.00s
[2020.01.20-17.23.44:509][  0]LogFileCache: Scanning file cache for directory 'B:/Unreal Engine Projects/miquelx2-practiques-ue/miquelx2_ue/Content/Developers/Guspyro/Collections/' took 0.00s
[2020.01.20-17.23.44:509][  0]LogFileCache: Scanning file cache for directory 'B:/Unreal Engine Projects/miquelx2-practiques-ue/miquelx2_ue/Content/Collections/' took 0.00s
[2020.01.20-17.23.44:509][  0]LogContentBrowser: Native class hierarchy populated in 0.0116 seconds. Added 3015 classes and 717 folders.
[2020.01.20-17.23.44:780][  0]LogContentBrowser: Native class hierarchy updated for 'WidgetCarousel' in 0.0002 seconds. Added 0 classes and 0 folders.
[2020.01.20-17.23.48:693][  0]LogContentBrowser: Native class hierarchy updated for 'AddContentDialog' in 0.0002 seconds. Added 0 classes and 0 folders.
[2020.01.20-17.23.48:759][  0]LogContentBrowser: Native class hierarchy updated for 'SceneOutliner' in 0.0004 seconds. Added 2 classes and 3 folders.
[2020.01.20-17.23.50:068][  0]LogSlate: Took 0.040058 seconds to synchronously load lazily loaded font '../../../Engine/Content/Slate/Fonts/Roboto-Regular.ttf' (155K)
[2020.01.20-17.23.50:173][  0]LogSlate: Took 0.043169 seconds to synchronously load lazily loaded font '../../../Engine/Content/Slate/Fonts/Roboto-Bold.ttf' (160K)
[2020.01.20-17.23.50:238][  0]LogSlate: Took 0.020203 seconds to synchronously load lazily loaded font '../../../Engine/Content/Editor/Slate/Fonts/FontAwesome.ttf' (139K)
[2020.01.20-17.23.51:207][  0]LogRenderer: Reallocating scene render targets to support 1208x672 Format 10 NumSamples 1 (Frame:1).
[2020.01.20-17.23.52:168][  0]LogContentBrowser: Native class hierarchy updated for 'HierarchicalLODOutliner' in 0.0003 seconds. Added 0 classes and 0 folders.
[2020.01.20-17.23.52:168][  0]LogLoad: (Engine Initialization) Total time: 176.23 seconds
[2020.01.20-17.23.52:168][  0]LogLoad: (Engine Initialization) Total Blueprint compile time: 0.00 seconds
[2020.01.20-17.23.52:738][  0]LogContentStreaming: Texture pool size now 1000 MB
[2020.01.20-17.23.53:186][  0]LogSlate: Took 0.025851 seconds to synchronously load lazily loaded font '../../../Engine/Content/Slate/Fonts/Roboto-Light.ttf' (167K)
[2020.01.20-17.23.56:253][ 34]LogAssetRegistry: Asset discovery search completed in 104.4902 seconds
[2020.01.20-17.23.56:256][ 34]LogCollectionManager: Fixed up redirectors for 0 collections in 0.000016 seconds (updated 0 objects)
[2020.01.20-17.24.31:002][549]LogSlate: Took 0.000134 seconds to synchronously load lazily loaded font '../../../Engine/Content/Slate/Fonts/Roboto-Light.ttf' (167K)
[2020.01.20-17.24.31:016][549]LogAssetEditorSubsystem: Opening Asset editor for WidgetBlueprint /Game/Blueprints/GameOverUI.GameOverUI
[2020.01.20-17.24.31:687][549]LogContentBrowser: Native class hierarchy updated for 'BlueprintGraph' in 0.0005 seconds. Added 121 classes and 0 folders.
[2020.01.20-17.24.34:319][549]LogSlate: Took 0.024495 seconds to synchronously load lazily loaded font '../../../Engine/Content/Slate/Fonts/Roboto-BoldCondensed.ttf' (158K)
[2020.01.20-17.24.36:889][800]LogSlate: Window 'GameOverUI' being destroyed
[2020.01.20-17.24.52:850][533]LogSlate: Window 'Color Picker' being destroyed
[2020.01.20-17.24.56:686][976]BlueprintLog: New page: Compile GameOverUI
[2020.01.20-17.24.56:938][976]LogUObjectHash: Compacting FUObjectHashTables data took   4.91ms
[2020.01.20-17.24.58:606][136]LogTemp: Repeating last play command: New Editor Window (PIE)
[2020.01.20-17.24.58:681][136]LogBlueprintUserMessages: Early PlayInEditor Detection: Level '/Game/ThirdPersonBP/Maps/ThirdPersonExampleMap.ThirdPersonExampleMap:PersistentLevel' has LevelScriptBlueprint '/Game/ThirdPersonBP/Maps/ThirdPersonExampleMap.ThirdPersonExampleMap:PersistentLevel.ThirdPersonExampleMap' with GeneratedClass '/Game/ThirdPersonBP/Maps/ThirdPersonExampleMap.ThirdPersonExampleMap_C' with ClassGeneratedBy '/Game/ThirdPersonBP/Maps/ThirdPersonExampleMap.ThirdPersonExampleMap:PersistentLevel.ThirdPersonExampleMap'
[2020.01.20-17.24.58:804][136]LogPlayLevel: PlayLevel: No blueprints needed recompiling
[2020.01.20-17.24.58:876][136]PIE: New page: PIE session: ThirdPersonExampleMap (20 ene. 2020 19:24:58)
[2020.01.20-17.24.58:961][136]LogOnline: OSS: Creating online subsystem instance for: NULL
[2020.01.20-17.24.58:962][136]LogOnline: OSS: TryLoadSubsystemAndSetDefault: Loaded subsystem for module [NULL]
[2020.01.20-17.24.59:043][136]LogPlayLevel: Creating play world package: /Game/ThirdPersonBP/Maps/UEDPIE_0_ThirdPersonExampleMap
[2020.01.20-17.24.59:109][136]LogPlayLevel: PIE: StaticDuplicateObject took: (0.066569s)
[2020.01.20-17.24.59:132][136]LogAIModule: Creating AISystem for world ThirdPersonExampleMap
[2020.01.20-17.24.59:150][136]LogPlayLevel: PIE: World Init took: (0.040160s)
[2020.01.20-17.24.59:150][136]LogPlayLevel: PIE: Created PIE world by copying editor world from /Game/ThirdPersonBP/Maps/ThirdPersonExampleMap.ThirdPersonExampleMap to /Game/ThirdPersonBP/Maps/UEDPIE_0_ThirdPersonExampleMap.ThirdPersonExampleMap (0.107052s)
[2020.01.20-17.24.59:342][136]LogUObjectHash: Compacting FUObjectHashTables data took   4.42ms
[2020.01.20-17.24.59:375][136]LogAudioMixer: Display: Audio Mixer Platform Settings:
[2020.01.20-17.24.59:375][136]LogAudioMixer: Display: 	Sample Rate:						  48000
[2020.01.20-17.24.59:375][136]LogAudioMixer: Display: 	Callback Buffer Frame Size Requested: 1024
[2020.01.20-17.24.59:375][136]LogAudioMixer: Display: 	Callback Buffer Frame Size To Use:	  1024
[2020.01.20-17.24.59:375][136]LogAudioMixer: Display: 	Number of buffers to queue:			  2
[2020.01.20-17.24.59:375][136]LogAudioMixer: Display: 	Max Channels (voices):				  32
[2020.01.20-17.24.59:375][136]LogAudioMixer: Display: 	Number of Async Source Workers:		  0
[2020.01.20-17.24.59:375][136]LogAudio: Display: AudioDevice MaxSources: 32
[2020.01.20-17.24.59:375][136]LogAudio: Display: Using built-in audio occlusion.
[2020.01.20-17.24.59:375][136]LogAudioMixer: Display: Initializing audio mixer.
[2020.01.20-17.24.59:386][136]LogAudioMixer: Display: Audio Device Output Speaker Info:
[2020.01.20-17.24.59:386][136]LogAudioMixer: Display: Name: Salida digital (USB PnP Sound Device)
[2020.01.20-17.24.59:386][136]LogAudioMixer: Display: Is Default: Yes
[2020.01.20-17.24.59:386][136]LogAudioMixer: Display: Sample Rate: 48000
[2020.01.20-17.24.59:386][136]LogAudioMixer: Display: Channel Count Used: 2
[2020.01.20-17.24.59:386][136]LogAudioMixer: Display: Device Channel Count: 2
[2020.01.20-17.24.59:386][136]LogAudioMixer: Display: Channel Order:
[2020.01.20-17.24.59:386][136]LogAudioMixer: Display: 0: FrontLeft
[2020.01.20-17.24.59:386][136]LogAudioMixer: Display: 1: FrontRight
[2020.01.20-17.24.59:391][136]LogAudioMixer: Display: Using Audio Device Salida digital (USB PnP Sound Device)
[2020.01.20-17.24.59:419][136]LogInit: FAudioDevice initialized.
[2020.01.20-17.24.59:440][136]LogSlate: Updating window title bar state: overlay mode, drag disabled, window buttons hidden, title bar hidden
[2020.01.20-17.24.59:496][136]LogLoad: Game class is 'ThirdPersonGameMode_C'
[2020.01.20-17.24.59:497][136]LogWorld: Bringing World /Game/ThirdPersonBP/Maps/UEDPIE_0_ThirdPersonExampleMap.ThirdPersonExampleMap up for play (max tick rate 0) at 2020.01.20-18.24.59
[2020.01.20-17.24.59:539][136]LogWorld: Bringing up level for play took: 0.042037
[2020.01.20-17.24.59:603][136]LogOnline: OSS: Creating online subsystem instance for: :Context_4
[2020.01.20-17.24.59:973][136]LogContentBrowser: Native class hierarchy updated for 'MovieSceneCapture' in 0.0003 seconds. Added 20 classes and 0 folders.
[2020.01.20-17.25.00:363][136]PIE: Play in editor start time for /Game/ThirdPersonBP/Maps/UEDPIE_0_ThirdPersonExampleMap 1,882
[2020.01.20-17.25.00:381][136]LogBlueprintUserMessages: Late PlayInEditor Detection: Level '/Game/ThirdPersonBP/Maps/ThirdPersonExampleMap.ThirdPersonExampleMap:PersistentLevel' has LevelScriptBlueprint '/Game/ThirdPersonBP/Maps/ThirdPersonExampleMap.ThirdPersonExampleMap:PersistentLevel.ThirdPersonExampleMap' with GeneratedClass '/Game/ThirdPersonBP/Maps/ThirdPersonExampleMap.ThirdPersonExampleMap_C' with ClassGeneratedBy '/Game/ThirdPersonBP/Maps/ThirdPersonExampleMap.ThirdPersonExampleMap:PersistentLevel.ThirdPersonExampleMap'
[2020.01.20-17.25.00:794][137]LogRenderer: Reallocating scene render targets to support 1280x720 Format 10 NumSamples 1 (Frame:1).
[2020.01.20-17.25.09:900][159]LogAudioMixer: Display: No commands were queued while flushing the source manager.
[2020.01.20-17.25.09:900][159]LogAudioMixer: Display: No commands were queued while flushing the source manager.
[2020.01.20-17.25.09:924][159]LogBlueprintUserMessages: Early EndPlayMap Detection: Level '/Game/ThirdPersonBP/Maps/ThirdPersonExampleMap.ThirdPersonExampleMap:PersistentLevel' has LevelScriptBlueprint '/Game/ThirdPersonBP/Maps/ThirdPersonExampleMap.ThirdPersonExampleMap:PersistentLevel.ThirdPersonExampleMap' with GeneratedClass '/Game/ThirdPersonBP/Maps/ThirdPersonExampleMap.ThirdPersonExampleMap_C' with ClassGeneratedBy '/Game/ThirdPersonBP/Maps/ThirdPersonExampleMap.ThirdPersonExampleMap:PersistentLevel.ThirdPersonExampleMap'
[2020.01.20-17.25.10:011][159]LogSlate: Updating window title bar state: overlay mode, drag disabled, window buttons hidden, title bar hidden
[2020.01.20-17.25.10:011][159]LogWorld: BeginTearingDown for /Game/ThirdPersonBP/Maps/UEDPIE_0_ThirdPersonExampleMap
[2020.01.20-17.25.10:041][159]LogSlate: Window 'miquelx2_ue Game Preview Standalone (64-bit/PCD3D_SM5)' being destroyed
[2020.01.20-17.25.10:045][159]LogAudioMixer: Display: No commands were queued while flushing the source manager.
[2020.01.20-17.25.10:104][159]LogWorld: UWorld::CleanupWorld for ThirdPersonExampleMap, bSessionEnded=true, bCleanupResources=true
[2020.01.20-17.25.10:160][159]LogSlate: InvalidateAllWidgets triggered.  All widgets were invalidated
[2020.01.20-17.25.10:180][159]LogPlayLevel: Display: Shutting down PIE online subsystems
[2020.01.20-17.25.10:180][159]LogBlueprintUserMessages: Late EndPlayMap Detection: Level '/Game/ThirdPersonBP/Maps/ThirdPersonExampleMap.ThirdPersonExampleMap:PersistentLevel' has LevelScriptBlueprint '/Game/ThirdPersonBP/Maps/ThirdPersonExampleMap.ThirdPersonExampleMap:PersistentLevel.ThirdPersonExampleMap' with GeneratedClass '/Game/ThirdPersonBP/Maps/ThirdPersonExampleMap.ThirdPersonExampleMap_C' with ClassGeneratedBy '/Game/ThirdPersonBP/Maps/ThirdPersonExampleMap.ThirdPersonExampleMap:PersistentLevel.ThirdPersonExampleMap'
[2020.01.20-17.25.10:200][159]LogSlate: InvalidateAllWidgets triggered.  All widgets were invalidated
[2020.01.20-17.25.10:383][159]LogAudioMixer: Display: No commands were queued while flushing the source manager.
[2020.01.20-17.25.10:635][159]LogUObjectHash: Compacting FUObjectHashTables data took   4.63ms
[2020.01.20-17.25.10:664][160]LogPlayLevel: Display: Destroying online subsystem :Context_4
[2020.01.20-17.25.14:144][557]Cmd: OBJ SAVEPACKAGE PACKAGE="/Game/Blueprints/GameOverUI" FILE="../../../../../Unreal Engine Projects/miquelx2-practiques-ue/miquelx2_ue/Content/Blueprints/GameOverUI.uasset" SILENT=true
[2020.01.20-17.25.14:551][557]LogSavePackage: Moving '../../../../../Unreal Engine Projects/miquelx2-practiques-ue/miquelx2_ue/Saved/GameOverUIA1C722E24BF5389EE559119E506C1C9B.tmp' to '../../../../../Unreal Engine Projects/miquelx2-practiques-ue/miquelx2_ue/Content/Blueprints/GameOverUI.uasset'
[2020.01.20-17.25.14:623][557]AssetCheck: New page: Asset Save: GameOverUI
[2020.01.20-17.25.14:623][557]LogContentValidation: Display: Validating WidgetBlueprint /Game/Blueprints/GameOverUI.GameOverUI
[2020.01.20-17.25.19:120][ 87]LogEditorViewport: Clicking on Actor (LMB): DeadZone_C (DeadZone)
[2020.01.20-17.25.22:813][477]LogAssetEditorSubsystem: Opening Asset editor for Blueprint /Game/Blueprints/DeadZone.DeadZone
[2020.01.20-17.25.24:298][478]LogSlate: Took 0.025039 seconds to synchronously load lazily loaded font '../../../Engine/Content/Slate/Fonts/Roboto-Italic.ttf' (157K)
[2020.01.20-17.26.01:952][684]LogAssetEditorSubsystem: Opening Asset editor for ParticleSystem /Game/StarterContent/Particles/P_Fire.P_Fire
[2020.01.20-17.26.02:089][684]LogContentBrowser: Native class hierarchy updated for 'Cascade' in 0.0002 seconds. Added 2 classes and 2 folders.
[2020.01.20-17.26.05:242][896]LogCascade: Quitting Cascade. FXSystem=0x0000023803D62F80
[2020.01.20-17.26.05:279][896]LogWorld: UWorld::CleanupWorld for World_6, bSessionEnded=true, bCleanupResources=true
[2020.01.20-17.26.05:279][896]LogSlate: InvalidateAllWidgets triggered.  All widgets were invalidated
[2020.01.20-17.27.26:415][282]LogEditorTransaction: Undo Attach Component
[2020.01.20-17.27.26:655][290]LogEditorTransaction: Undo Edit Template
[2020.01.20-17.27.27:355][360]LogEditorTransaction: Undo Add Component
[2020.01.20-17.27.27:739][400]LogEditorTransaction: Undo Edit Visible
[2020.01.20-17.27.28:310][465]LogEditorTransaction: Undo Edit Visible
[2020.01.20-17.27.28:800][523]LogEditorTransaction: Undo Detach Component
[2020.01.20-17.27.29:329][584]LogEditorTransaction: Undo Add Component
[2020.01.20-17.27.51:920][228]BlueprintLog: New page: Compile DeadZone
[2020.01.20-17.27.52:963][228]LogUObjectHash: Compacting FUObjectHashTables data took   6.51ms
[2020.01.20-17.27.54:129][357]LogTemp: Repeating last play command: New Editor Window (PIE)
[2020.01.20-17.27.54:146][357]LogBlueprintUserMessages: Early PlayInEditor Detection: Level '/Game/ThirdPersonBP/Maps/ThirdPersonExampleMap.ThirdPersonExampleMap:PersistentLevel' has LevelScriptBlueprint '/Game/ThirdPersonBP/Maps/ThirdPersonExampleMap.ThirdPersonExampleMap:PersistentLevel.ThirdPersonExampleMap' with GeneratedClass '/Game/ThirdPersonBP/Maps/ThirdPersonExampleMap.ThirdPersonExampleMap_C' with ClassGeneratedBy '/Game/ThirdPersonBP/Maps/ThirdPersonExampleMap.ThirdPersonExampleMap:PersistentLevel.ThirdPersonExampleMap'
[2020.01.20-17.27.54:172][357]LogPlayLevel: PlayLevel: No blueprints needed recompiling
[2020.01.20-17.27.54:172][357]PIE: New page: PIE session: ThirdPersonExampleMap (20 ene. 2020 19:27:54)
[2020.01.20-17.27.54:172][357]LogPlayLevel: Creating play world package: /Game/ThirdPersonBP/Maps/UEDPIE_0_ThirdPersonExampleMap
[2020.01.20-17.27.54:183][357]LogPlayLevel: PIE: StaticDuplicateObject took: (0.010824s)
[2020.01.20-17.27.54:184][357]LogAIModule: Creating AISystem for world ThirdPersonExampleMap
[2020.01.20-17.27.54:184][357]LogPlayLevel: PIE: World Init took: (0.001251s)
[2020.01.20-17.27.54:184][357]LogPlayLevel: PIE: Created PIE world by copying editor world from /Game/ThirdPersonBP/Maps/ThirdPersonExampleMap.ThirdPersonExampleMap to /Game/ThirdPersonBP/Maps/UEDPIE_0_ThirdPersonExampleMap.ThirdPersonExampleMap (0.012187s)
[2020.01.20-17.27.54:226][357]LogUObjectHash: Compacting FUObjectHashTables data took   4.88ms
[2020.01.20-17.27.54:244][357]LogAudioMixer: Display: Audio Mixer Platform Settings:
[2020.01.20-17.27.54:244][357]LogAudioMixer: Display: 	Sample Rate:						  48000
[2020.01.20-17.27.54:244][357]LogAudioMixer: Display: 	Callback Buffer Frame Size Requested: 1024
[2020.01.20-17.27.54:244][357]LogAudioMixer: Display: 	Callback Buffer Frame Size To Use:	  1024
[2020.01.20-17.27.54:244][357]LogAudioMixer: Display: 	Number of buffers to queue:			  2
[2020.01.20-17.27.54:244][357]LogAudioMixer: Display: 	Max Channels (voices):				  32
[2020.01.20-17.27.54:244][357]LogAudioMixer: Display: 	Number of Async Source Workers:		  0
[2020.01.20-17.27.54:244][357]LogAudio: Display: AudioDevice MaxSources: 32
[2020.01.20-17.27.54:244][357]LogAudio: Display: Using built-in audio occlusion.
[2020.01.20-17.27.54:244][357]LogAudioMixer: Display: Initializing audio mixer.
[2020.01.20-17.27.54:255][357]LogAudioMixer: Display: Audio Device Output Speaker Info:
[2020.01.20-17.27.54:255][357]LogAudioMixer: Display: Name: Salida digital (USB PnP Sound Device)
[2020.01.20-17.27.54:255][357]LogAudioMixer: Display: Is Default: Yes
[2020.01.20-17.27.54:255][357]LogAudioMixer: Display: Sample Rate: 48000
[2020.01.20-17.27.54:255][357]LogAudioMixer: Display: Channel Count Used: 2
[2020.01.20-17.27.54:255][357]LogAudioMixer: Display: Device Channel Count: 2
[2020.01.20-17.27.54:255][357]LogAudioMixer: Display: Channel Order:
[2020.01.20-17.27.54:255][357]LogAudioMixer: Display: 0: FrontLeft
[2020.01.20-17.27.54:255][357]LogAudioMixer: Display: 1: FrontRight
[2020.01.20-17.27.54:261][357]LogAudioMixer: Display: Using Audio Device Salida digital (USB PnP Sound Device)
[2020.01.20-17.27.54:262][357]LogInit: FAudioDevice initialized.
[2020.01.20-17.27.54:288][357]LogSlate: Updating window title bar state: overlay mode, drag disabled, window buttons hidden, title bar hidden
[2020.01.20-17.27.54:288][357]LogLoad: Game class is 'ThirdPersonGameMode_C'
[2020.01.20-17.27.54:290][357]LogWorld: Bringing World /Game/ThirdPersonBP/Maps/UEDPIE_0_ThirdPersonExampleMap.ThirdPersonExampleMap up for play (max tick rate 0) at 2020.01.20-18.27.54
[2020.01.20-17.27.54:290][357]LogWorld: Bringing up level for play took: 0.001271
[2020.01.20-17.27.54:290][357]LogOnline: OSS: Creating online subsystem instance for: :Context_9
[2020.01.20-17.27.54:295][357]PIE: Play in editor start time for /Game/ThirdPersonBP/Maps/UEDPIE_0_ThirdPersonExampleMap -0,187
[2020.01.20-17.27.54:295][357]LogBlueprintUserMessages: Late PlayInEditor Detection: Level '/Game/ThirdPersonBP/Maps/ThirdPersonExampleMap.ThirdPersonExampleMap:PersistentLevel' has LevelScriptBlueprint '/Game/ThirdPersonBP/Maps/ThirdPersonExampleMap.ThirdPersonExampleMap:PersistentLevel.ThirdPersonExampleMap' with GeneratedClass '/Game/ThirdPersonBP/Maps/ThirdPersonExampleMap.ThirdPersonExampleMap_C' with ClassGeneratedBy '/Game/ThirdPersonBP/Maps/ThirdPersonExampleMap.ThirdPersonExampleMap:PersistentLevel.ThirdPersonExampleMap'
[2020.01.20-17.28.04:946][595]LogAudioMixer: Display: No commands were queued while flushing the source manager.
[2020.01.20-17.28.04:946][595]LogAudioMixer: Display: No commands were queued while flushing the source manager.
[2020.01.20-17.28.04:947][595]LogBlueprintUserMessages: Early EndPlayMap Detection: Level '/Game/ThirdPersonBP/Maps/ThirdPersonExampleMap.ThirdPersonExampleMap:PersistentLevel' has LevelScriptBlueprint '/Game/ThirdPersonBP/Maps/ThirdPersonExampleMap.ThirdPersonExampleMap:PersistentLevel.ThirdPersonExampleMap' with GeneratedClass '/Game/ThirdPersonBP/Maps/ThirdPersonExampleMap.ThirdPersonExampleMap_C' with ClassGeneratedBy '/Game/ThirdPersonBP/Maps/ThirdPersonExampleMap.ThirdPersonExampleMap:PersistentLevel.ThirdPersonExampleMap'
[2020.01.20-17.28.04:968][595]LogSlate: Updating window title bar state: overlay mode, drag disabled, window buttons hidden, title bar hidden
[2020.01.20-17.28.04:968][595]LogWorld: BeginTearingDown for /Game/ThirdPersonBP/Maps/UEDPIE_0_ThirdPersonExampleMap
[2020.01.20-17.28.04:980][595]LogSlate: Window 'miquelx2_ue Game Preview Standalone (64-bit/PCD3D_SM5)' being destroyed
[2020.01.20-17.28.04:984][595]LogAudioMixer: Display: No commands were queued while flushing the source manager.
[2020.01.20-17.28.04:984][595]LogWorld: UWorld::CleanupWorld for ThirdPersonExampleMap, bSessionEnded=true, bCleanupResources=true
[2020.01.20-17.28.04:984][595]LogSlate: InvalidateAllWidgets triggered.  All widgets were invalidated
[2020.01.20-17.28.04:993][595]LogPlayLevel: Display: Shutting down PIE online subsystems
[2020.01.20-17.28.04:994][595]LogBlueprintUserMessages: Late EndPlayMap Detection: Level '/Game/ThirdPersonBP/Maps/ThirdPersonExampleMap.ThirdPersonExampleMap:PersistentLevel' has LevelScriptBlueprint '/Game/ThirdPersonBP/Maps/ThirdPersonExampleMap.ThirdPersonExampleMap:PersistentLevel.ThirdPersonExampleMap' with GeneratedClass '/Game/ThirdPersonBP/Maps/ThirdPersonExampleMap.ThirdPersonExampleMap_C' with ClassGeneratedBy '/Game/ThirdPersonBP/Maps/ThirdPersonExampleMap.ThirdPersonExampleMap:PersistentLevel.ThirdPersonExampleMap'
[2020.01.20-17.28.04:998][595]LogSlate: InvalidateAllWidgets triggered.  All widgets were invalidated
[2020.01.20-17.28.05:033][595]LogAudioMixer: Display: No commands were queued while flushing the source manager.
[2020.01.20-17.28.05:040][595]LogUObjectHash: Compacting FUObjectHashTables data took   3.87ms
[2020.01.20-17.28.05:056][596]LogPlayLevel: Display: Destroying online subsystem :Context_9
[2020.01.20-17.28.28:688][141]LogTemp: Repeating last play command: New Editor Window (PIE)
[2020.01.20-17.28.28:705][141]LogBlueprintUserMessages: Early PlayInEditor Detection: Level '/Game/ThirdPersonBP/Maps/ThirdPersonExampleMap.ThirdPersonExampleMap:PersistentLevel' has LevelScriptBlueprint '/Game/ThirdPersonBP/Maps/ThirdPersonExampleMap.ThirdPersonExampleMap:PersistentLevel.ThirdPersonExampleMap' with GeneratedClass '/Game/ThirdPersonBP/Maps/ThirdPersonExampleMap.ThirdPersonExampleMap_C' with ClassGeneratedBy '/Game/ThirdPersonBP/Maps/ThirdPersonExampleMap.ThirdPersonExampleMap:PersistentLevel.ThirdPersonExampleMap'
[2020.01.20-17.28.28:705][141]BlueprintLog: New page: Pre-Play auto-recompile
[2020.01.20-17.28.28:705][141]LogPlayLevel: [PlayLevel] Compiling DeadZone before play...
[2020.01.20-17.28.28:972][141]LogUObjectHash: Compacting FUObjectHashTables data took   5.32ms
[2020.01.20-17.28.28:976][141]LogPlayLevel: PlayLevel: Blueprint regeneration took 271 ms (1 blueprints)
[2020.01.20-17.28.28:976][141]PIE: New page: PIE session: ThirdPersonExampleMap (20 ene. 2020 19:28:28)
[2020.01.20-17.28.28:976][141]LogPlayLevel: Creating play world package: /Game/ThirdPersonBP/Maps/UEDPIE_0_ThirdPersonExampleMap
[2020.01.20-17.28.28:985][141]LogPlayLevel: PIE: StaticDuplicateObject took: (0.009126s)
[2020.01.20-17.28.28:986][141]LogAIModule: Creating AISystem for world ThirdPersonExampleMap
[2020.01.20-17.28.28:986][141]LogPlayLevel: PIE: World Init took: (0.001001s)
[2020.01.20-17.28.28:987][141]LogPlayLevel: PIE: Created PIE world by copying editor world from /Game/ThirdPersonBP/Maps/ThirdPersonExampleMap.ThirdPersonExampleMap to /Game/ThirdPersonBP/Maps/UEDPIE_0_ThirdPersonExampleMap.ThirdPersonExampleMap (0.010258s)
[2020.01.20-17.28.29:024][141]LogUObjectHash: Compacting FUObjectHashTables data took   3.66ms
[2020.01.20-17.28.29:024][141]LogAudioMixer: Display: Audio Mixer Platform Settings:
[2020.01.20-17.28.29:024][141]LogAudioMixer: Display: 	Sample Rate:						  48000
[2020.01.20-17.28.29:024][141]LogAudioMixer: Display: 	Callback Buffer Frame Size Requested: 1024
[2020.01.20-17.28.29:024][141]LogAudioMixer: Display: 	Callback Buffer Frame Size To Use:	  1024
[2020.01.20-17.28.29:024][141]LogAudioMixer: Display: 	Number of buffers to queue:			  2
[2020.01.20-17.28.29:024][141]LogAudioMixer: Display: 	Max Channels (voices):				  32
[2020.01.20-17.28.29:024][141]LogAudioMixer: Display: 	Number of Async Source Workers:		  0
[2020.01.20-17.28.29:024][141]LogAudio: Display: AudioDevice MaxSources: 32
[2020.01.20-17.28.29:025][141]LogAudio: Display: Using built-in audio occlusion.
[2020.01.20-17.28.29:025][141]LogAudioMixer: Display: Initializing audio mixer.
[2020.01.20-17.28.29:036][141]LogAudioMixer: Display: Audio Device Output Speaker Info:
[2020.01.20-17.28.29:036][141]LogAudioMixer: Display: Name: Salida digital (USB PnP Sound Device)
[2020.01.20-17.28.29:036][141]LogAudioMixer: Display: Is Default: Yes
[2020.01.20-17.28.29:036][141]LogAudioMixer: Display: Sample Rate: 48000
[2020.01.20-17.28.29:036][141]LogAudioMixer: Display: Channel Count Used: 2
[2020.01.20-17.28.29:036][141]LogAudioMixer: Display: Device Channel Count: 2
[2020.01.20-17.28.29:036][141]LogAudioMixer: Display: Channel Order:
[2020.01.20-17.28.29:036][141]LogAudioMixer: Display: 0: FrontLeft
[2020.01.20-17.28.29:036][141]LogAudioMixer: Display: 1: FrontRight
[2020.01.20-17.28.29:041][141]LogAudioMixer: Display: Using Audio Device Salida digital (USB PnP Sound Device)
[2020.01.20-17.28.29:043][141]LogInit: FAudioDevice initialized.
[2020.01.20-17.28.29:059][141]LogSlate: Updating window title bar state: overlay mode, drag disabled, window buttons hidden, title bar hidden
[2020.01.20-17.28.29:059][141]LogLoad: Game class is 'ThirdPersonGameMode_C'
[2020.01.20-17.28.29:061][141]LogWorld: Bringing World /Game/ThirdPersonBP/Maps/UEDPIE_0_ThirdPersonExampleMap.ThirdPersonExampleMap up for play (max tick rate 0) at 2020.01.20-18.28.29
[2020.01.20-17.28.29:061][141]LogWorld: Bringing up level for play took: 0.001187
[2020.01.20-17.28.29:062][141]LogOnline: OSS: Creating online subsystem instance for: :Context_10
[2020.01.20-17.28.29:065][141]PIE: Play in editor start time for /Game/ThirdPersonBP/Maps/UEDPIE_0_ThirdPersonExampleMap 0,584
[2020.01.20-17.28.29:065][141]LogBlueprintUserMessages: Late PlayInEditor Detection: Level '/Game/ThirdPersonBP/Maps/ThirdPersonExampleMap.ThirdPersonExampleMap:PersistentLevel' has LevelScriptBlueprint '/Game/ThirdPersonBP/Maps/ThirdPersonExampleMap.ThirdPersonExampleMap:PersistentLevel.ThirdPersonExampleMap' with GeneratedClass '/Game/ThirdPersonBP/Maps/ThirdPersonExampleMap.ThirdPersonExampleMap_C' with ClassGeneratedBy '/Game/ThirdPersonBP/Maps/ThirdPersonExampleMap.ThirdPersonExampleMap:PersistentLevel.ThirdPersonExampleMap'
[2020.01.20-17.28.37:651][163]LogAudioMixer: Display: No commands were queued while flushing the source manager.
[2020.01.20-17.28.37:652][163]LogAudioMixer: Display: No commands were queued while flushing the source manager.
[2020.01.20-17.28.37:652][163]LogBlueprintUserMessages: Early EndPlayMap Detection: Level '/Game/ThirdPersonBP/Maps/ThirdPersonExampleMap.ThirdPersonExampleMap:PersistentLevel' has LevelScriptBlueprint '/Game/ThirdPersonBP/Maps/ThirdPersonExampleMap.ThirdPersonExampleMap:PersistentLevel.ThirdPersonExampleMap' with GeneratedClass '/Game/ThirdPersonBP/Maps/ThirdPersonExampleMap.ThirdPersonExampleMap_C' with ClassGeneratedBy '/Game/ThirdPersonBP/Maps/ThirdPersonExampleMap.ThirdPersonExampleMap:PersistentLevel.ThirdPersonExampleMap'
[2020.01.20-17.28.37:652][163]LogSlate: Updating window title bar state: overlay mode, drag disabled, window buttons hidden, title bar hidden
[2020.01.20-17.28.37:652][163]LogWorld: BeginTearingDown for /Game/ThirdPersonBP/Maps/UEDPIE_0_ThirdPersonExampleMap
[2020.01.20-17.28.37:665][163]LogSlate: Window 'miquelx2_ue Game Preview Standalone (64-bit/PCD3D_SM5)' being destroyed
[2020.01.20-17.28.37:669][163]LogAudioMixer: Display: No commands were queued while flushing the source manager.
[2020.01.20-17.28.37:670][163]LogWorld: UWorld::CleanupWorld for ThirdPersonExampleMap, bSessionEnded=true, bCleanupResources=true
[2020.01.20-17.28.37:670][163]LogSlate: InvalidateAllWidgets triggered.  All widgets were invalidated
[2020.01.20-17.28.37:676][163]LogPlayLevel: Display: Shutting down PIE online subsystems
[2020.01.20-17.28.37:677][163]LogBlueprintUserMessages: Late EndPlayMap Detection: Level '/Game/ThirdPersonBP/Maps/ThirdPersonExampleMap.ThirdPersonExampleMap:PersistentLevel' has LevelScriptBlueprint '/Game/ThirdPersonBP/Maps/ThirdPersonExampleMap.ThirdPersonExampleMap:PersistentLevel.ThirdPersonExampleMap' with GeneratedClass '/Game/ThirdPersonBP/Maps/ThirdPersonExampleMap.ThirdPersonExampleMap_C' with ClassGeneratedBy '/Game/ThirdPersonBP/Maps/ThirdPersonExampleMap.ThirdPersonExampleMap:PersistentLevel.ThirdPersonExampleMap'
[2020.01.20-17.28.37:682][163]LogSlate: InvalidateAllWidgets triggered.  All widgets were invalidated
[2020.01.20-17.28.37:716][163]LogAudioMixer: Display: No commands were queued while flushing the source manager.
[2020.01.20-17.28.37:723][163]LogUObjectHash: Compacting FUObjectHashTables data took   3.82ms
[2020.01.20-17.28.37:761][164]LogPlayLevel: Display: Destroying online subsystem :Context_10
[2020.01.20-17.28.47:064][116]LogTemp: Repeating last play command: New Editor Window (PIE)
[2020.01.20-17.28.47:082][116]LogBlueprintUserMessages: Early PlayInEditor Detection: Level '/Game/ThirdPersonBP/Maps/ThirdPersonExampleMap.ThirdPersonExampleMap:PersistentLevel' has LevelScriptBlueprint '/Game/ThirdPersonBP/Maps/ThirdPersonExampleMap.ThirdPersonExampleMap:PersistentLevel.ThirdPersonExampleMap' with GeneratedClass '/Game/ThirdPersonBP/Maps/ThirdPersonExampleMap.ThirdPersonExampleMap_C' with ClassGeneratedBy '/Game/ThirdPersonBP/Maps/ThirdPersonExampleMap.ThirdPersonExampleMap:PersistentLevel.ThirdPersonExampleMap'
[2020.01.20-17.28.47:082][116]BlueprintLog: New page: Pre-Play auto-recompile
[2020.01.20-17.28.47:082][116]LogPlayLevel: [PlayLevel] Compiling DeadZone before play...
[2020.01.20-17.28.47:335][116]LogUObjectHash: Compacting FUObjectHashTables data took   5.07ms
[2020.01.20-17.28.47:338][116]LogPlayLevel: PlayLevel: Blueprint regeneration took 255 ms (1 blueprints)
[2020.01.20-17.28.47:338][116]PIE: New page: PIE session: ThirdPersonExampleMap (20 ene. 2020 19:28:47)
[2020.01.20-17.28.47:338][116]LogPlayLevel: Creating play world package: /Game/ThirdPersonBP/Maps/UEDPIE_0_ThirdPersonExampleMap
[2020.01.20-17.28.47:349][116]LogPlayLevel: PIE: StaticDuplicateObject took: (0.010152s)
[2020.01.20-17.28.47:350][116]LogAIModule: Creating AISystem for world ThirdPersonExampleMap
[2020.01.20-17.28.47:350][116]LogPlayLevel: PIE: World Init took: (0.001296s)
[2020.01.20-17.28.47:350][116]LogPlayLevel: PIE: Created PIE world by copying editor world from /Game/ThirdPersonBP/Maps/ThirdPersonExampleMap.ThirdPersonExampleMap to /Game/ThirdPersonBP/Maps/UEDPIE_0_ThirdPersonExampleMap.ThirdPersonExampleMap (0.011653s)
[2020.01.20-17.28.47:389][116]LogUObjectHash: Compacting FUObjectHashTables data took   3.72ms
[2020.01.20-17.28.47:389][116]LogAudioMixer: Display: Audio Mixer Platform Settings:
[2020.01.20-17.28.47:389][116]LogAudioMixer: Display: 	Sample Rate:						  48000
[2020.01.20-17.28.47:389][116]LogAudioMixer: Display: 	Callback Buffer Frame Size Requested: 1024
[2020.01.20-17.28.47:389][116]LogAudioMixer: Display: 	Callback Buffer Frame Size To Use:	  1024
[2020.01.20-17.28.47:389][116]LogAudioMixer: Display: 	Number of buffers to queue:			  2
[2020.01.20-17.28.47:389][116]LogAudioMixer: Display: 	Max Channels (voices):				  32
[2020.01.20-17.28.47:389][116]LogAudioMixer: Display: 	Number of Async Source Workers:		  0
[2020.01.20-17.28.47:389][116]LogAudio: Display: AudioDevice MaxSources: 32
[2020.01.20-17.28.47:389][116]LogAudio: Display: Using built-in audio occlusion.
[2020.01.20-17.28.47:389][116]LogAudioMixer: Display: Initializing audio mixer.
[2020.01.20-17.28.47:400][116]LogAudioMixer: Display: Audio Device Output Speaker Info:
[2020.01.20-17.28.47:400][116]LogAudioMixer: Display: Name: Salida digital (USB PnP Sound Device)
[2020.01.20-17.28.47:400][116]LogAudioMixer: Display: Is Default: Yes
[2020.01.20-17.28.47:400][116]LogAudioMixer: Display: Sample Rate: 48000
[2020.01.20-17.28.47:400][116]LogAudioMixer: Display: Channel Count Used: 2
[2020.01.20-17.28.47:400][116]LogAudioMixer: Display: Device Channel Count: 2
[2020.01.20-17.28.47:400][116]LogAudioMixer: Display: Channel Order:
[2020.01.20-17.28.47:400][116]LogAudioMixer: Display: 0: FrontLeft
[2020.01.20-17.28.47:400][116]LogAudioMixer: Display: 1: FrontRight
[2020.01.20-17.28.47:406][116]LogAudioMixer: Display: Using Audio Device Salida digital (USB PnP Sound Device)
[2020.01.20-17.28.47:407][116]LogInit: FAudioDevice initialized.
[2020.01.20-17.28.47:428][116]LogSlate: Updating window title bar state: overlay mode, drag disabled, window buttons hidden, title bar hidden
[2020.01.20-17.28.47:428][116]LogLoad: Game class is 'ThirdPersonGameMode_C'
[2020.01.20-17.28.47:429][116]LogWorld: Bringing World /Game/ThirdPersonBP/Maps/UEDPIE_0_ThirdPersonExampleMap.ThirdPersonExampleMap up for play (max tick rate 0) at 2020.01.20-18.28.47
[2020.01.20-17.28.47:430][116]LogWorld: Bringing up level for play took: 0.001363
[2020.01.20-17.28.47:430][116]LogOnline: OSS: Creating online subsystem instance for: :Context_11
[2020.01.20-17.28.47:434][116]PIE: Play in editor start time for /Game/ThirdPersonBP/Maps/UEDPIE_0_ThirdPersonExampleMap 0,952
[2020.01.20-17.28.47:434][116]LogBlueprintUserMessages: Late PlayInEditor Detection: Level '/Game/ThirdPersonBP/Maps/ThirdPersonExampleMap.ThirdPersonExampleMap:PersistentLevel' has LevelScriptBlueprint '/Game/ThirdPersonBP/Maps/ThirdPersonExampleMap.ThirdPersonExampleMap:PersistentLevel.ThirdPersonExampleMap' with GeneratedClass '/Game/ThirdPersonBP/Maps/ThirdPersonExampleMap.ThirdPersonExampleMap_C' with ClassGeneratedBy '/Game/ThirdPersonBP/Maps/ThirdPersonExampleMap.ThirdPersonExampleMap:PersistentLevel.ThirdPersonExampleMap'
[2020.01.20-17.28.59:093][506]LogAudioMixer: Display: No commands were queued while flushing the source manager.
[2020.01.20-17.28.59:093][506]LogAudioMixer: Display: No commands were queued while flushing the source manager.
[2020.01.20-17.28.59:093][506]LogBlueprintUserMessages: Early EndPlayMap Detection: Level '/Game/ThirdPersonBP/Maps/ThirdPersonExampleMap.ThirdPersonExampleMap:PersistentLevel' has LevelScriptBlueprint '/Game/ThirdPersonBP/Maps/ThirdPersonExampleMap.ThirdPersonExampleMap:PersistentLevel.ThirdPersonExampleMap' with GeneratedClass '/Game/ThirdPersonBP/Maps/ThirdPersonExampleMap.ThirdPersonExampleMap_C' with ClassGeneratedBy '/Game/ThirdPersonBP/Maps/ThirdPersonExampleMap.ThirdPersonExampleMap:PersistentLevel.ThirdPersonExampleMap'
[2020.01.20-17.28.59:093][506]LogSlate: Updating window title bar state: overlay mode, drag disabled, window buttons hidden, title bar hidden
[2020.01.20-17.28.59:093][506]LogWorld: BeginTearingDown for /Game/ThirdPersonBP/Maps/UEDPIE_0_ThirdPersonExampleMap
[2020.01.20-17.28.59:108][506]LogSlate: Window 'miquelx2_ue Game Preview Standalone (64-bit/PCD3D_SM5)' being destroyed
[2020.01.20-17.28.59:111][506]LogAudioMixer: Display: No commands were queued while flushing the source manager.
[2020.01.20-17.28.59:112][506]LogWorld: UWorld::CleanupWorld for ThirdPersonExampleMap, bSessionEnded=true, bCleanupResources=true
[2020.01.20-17.28.59:112][506]LogSlate: InvalidateAllWidgets triggered.  All widgets were invalidated
[2020.01.20-17.28.59:117][506]LogPlayLevel: Display: Shutting down PIE online subsystems
[2020.01.20-17.28.59:118][506]LogBlueprintUserMessages: Late EndPlayMap Detection: Level '/Game/ThirdPersonBP/Maps/ThirdPersonExampleMap.ThirdPersonExampleMap:PersistentLevel' has LevelScriptBlueprint '/Game/ThirdPersonBP/Maps/ThirdPersonExampleMap.ThirdPersonExampleMap:PersistentLevel.ThirdPersonExampleMap' with GeneratedClass '/Game/ThirdPersonBP/Maps/ThirdPersonExampleMap.ThirdPersonExampleMap_C' with ClassGeneratedBy '/Game/ThirdPersonBP/Maps/ThirdPersonExampleMap.ThirdPersonExampleMap:PersistentLevel.ThirdPersonExampleMap'
[2020.01.20-17.28.59:123][506]LogSlate: InvalidateAllWidgets triggered.  All widgets were invalidated
[2020.01.20-17.28.59:159][506]LogAudioMixer: Display: No commands were queued while flushing the source manager.
[2020.01.20-17.28.59:167][506]LogUObjectHash: Compacting FUObjectHashTables data took   3.81ms
[2020.01.20-17.28.59:206][507]LogPlayLevel: Display: Destroying online subsystem :Context_11
[2020.01.20-17.29.00:054][598]Cmd: OBJ SAVEPACKAGE PACKAGE="/Game/Blueprints/DeadZone" FILE="../../../../../Unreal Engine Projects/miquelx2-practiques-ue/miquelx2_ue/Content/Blueprints/DeadZone.uasset" SILENT=true
[2020.01.20-17.29.00:071][598]LogSavePackage: Moving '../../../../../Unreal Engine Projects/miquelx2-practiques-ue/miquelx2_ue/Saved/DeadZoneA73CCDB64F88F5DD7A8C3F87087862F9.tmp' to '../../../../../Unreal Engine Projects/miquelx2-practiques-ue/miquelx2_ue/Content/Blueprints/DeadZone.uasset'
[2020.01.20-17.29.00:082][598]AssetCheck: New page: Asset Save: DeadZone
[2020.01.20-17.29.00:082][598]LogContentValidation: Display: Validating Blueprint /Game/Blueprints/DeadZone.DeadZone
[2020.01.20-17.29.02:666][902]LogTemp: Repeating last play command: New Editor Window (PIE)
[2020.01.20-17.29.02:683][902]LogBlueprintUserMessages: Early PlayInEditor Detection: Level '/Game/ThirdPersonBP/Maps/ThirdPersonExampleMap.ThirdPersonExampleMap:PersistentLevel' has LevelScriptBlueprint '/Game/ThirdPersonBP/Maps/ThirdPersonExampleMap.ThirdPersonExampleMap:PersistentLevel.ThirdPersonExampleMap' with GeneratedClass '/Game/ThirdPersonBP/Maps/ThirdPersonExampleMap.ThirdPersonExampleMap_C' with ClassGeneratedBy '/Game/ThirdPersonBP/Maps/ThirdPersonExampleMap.ThirdPersonExampleMap:PersistentLevel.ThirdPersonExampleMap'
[2020.01.20-17.29.02:683][902]LogPlayLevel: PlayLevel: No blueprints needed recompiling
[2020.01.20-17.29.02:683][902]PIE: New page: PIE session: ThirdPersonExampleMap (20 ene. 2020 19:29:02)
[2020.01.20-17.29.02:683][902]LogPlayLevel: Creating play world package: /Game/ThirdPersonBP/Maps/UEDPIE_0_ThirdPersonExampleMap
[2020.01.20-17.29.02:693][902]LogPlayLevel: PIE: StaticDuplicateObject took: (0.009730s)
[2020.01.20-17.29.02:694][902]LogAIModule: Creating AISystem for world ThirdPersonExampleMap
[2020.01.20-17.29.02:717][902]LogPlayLevel: PIE: World Init took: (0.023748s)
[2020.01.20-17.29.02:717][902]LogPlayLevel: PIE: Created PIE world by copying editor world from /Game/ThirdPersonBP/Maps/ThirdPersonExampleMap.ThirdPersonExampleMap to /Game/ThirdPersonBP/Maps/UEDPIE_0_ThirdPersonExampleMap.ThirdPersonExampleMap (0.033641s)
[2020.01.20-17.29.02:754][902]LogUObjectHash: Compacting FUObjectHashTables data took   3.86ms
[2020.01.20-17.29.02:756][902]LogAudioMixer: Display: Audio Mixer Platform Settings:
[2020.01.20-17.29.02:756][902]LogAudioMixer: Display: 	Sample Rate:						  48000
[2020.01.20-17.29.02:756][902]LogAudioMixer: Display: 	Callback Buffer Frame Size Requested: 1024
[2020.01.20-17.29.02:756][902]LogAudioMixer: Display: 	Callback Buffer Frame Size To Use:	  1024
[2020.01.20-17.29.02:756][902]LogAudioMixer: Display: 	Number of buffers to queue:			  2
[2020.01.20-17.29.02:756][902]LogAudioMixer: Display: 	Max Channels (voices):				  32
[2020.01.20-17.29.02:756][902]LogAudioMixer: Display: 	Number of Async Source Workers:		  0
[2020.01.20-17.29.02:756][902]LogAudio: Display: AudioDevice MaxSources: 32
[2020.01.20-17.29.02:756][902]LogAudio: Display: Using built-in audio occlusion.
[2020.01.20-17.29.02:756][902]LogAudioMixer: Display: Initializing audio mixer.
[2020.01.20-17.29.02:767][902]LogAudioMixer: Display: Audio Device Output Speaker Info:
[2020.01.20-17.29.02:767][902]LogAudioMixer: Display: Name: Salida digital (USB PnP Sound Device)
[2020.01.20-17.29.02:767][902]LogAudioMixer: Display: Is Default: Yes
[2020.01.20-17.29.02:767][902]LogAudioMixer: Display: Sample Rate: 48000
[2020.01.20-17.29.02:767][902]LogAudioMixer: Display: Channel Count Used: 2
[2020.01.20-17.29.02:767][902]LogAudioMixer: Display: Device Channel Count: 2
[2020.01.20-17.29.02:767][902]LogAudioMixer: Display: Channel Order:
[2020.01.20-17.29.02:767][902]LogAudioMixer: Display: 0: FrontLeft
[2020.01.20-17.29.02:767][902]LogAudioMixer: Display: 1: FrontRight
[2020.01.20-17.29.02:772][902]LogAudioMixer: Display: Using Audio Device Salida digital (USB PnP Sound Device)
[2020.01.20-17.29.02:774][902]LogInit: FAudioDevice initialized.
[2020.01.20-17.29.02:794][902]LogSlate: Updating window title bar state: overlay mode, drag disabled, window buttons hidden, title bar hidden
[2020.01.20-17.29.02:794][902]LogLoad: Game class is 'ThirdPersonGameMode_C'
[2020.01.20-17.29.02:795][902]LogWorld: Bringing World /Game/ThirdPersonBP/Maps/UEDPIE_0_ThirdPersonExampleMap.ThirdPersonExampleMap up for play (max tick rate 0) at 2020.01.20-18.29.02
[2020.01.20-17.29.02:796][902]LogWorld: Bringing up level for play took: 0.001336
[2020.01.20-17.29.02:796][902]LogOnline: OSS: Creating online subsystem instance for: :Context_12
[2020.01.20-17.29.02:800][902]PIE: Play in editor start time for /Game/ThirdPersonBP/Maps/UEDPIE_0_ThirdPersonExampleMap 0,319
[2020.01.20-17.29.02:800][902]LogBlueprintUserMessages: Late PlayInEditor Detection: Level '/Game/ThirdPersonBP/Maps/ThirdPersonExampleMap.ThirdPersonExampleMap:PersistentLevel' has LevelScriptBlueprint '/Game/ThirdPersonBP/Maps/ThirdPersonExampleMap.ThirdPersonExampleMap:PersistentLevel.ThirdPersonExampleMap' with GeneratedClass '/Game/ThirdPersonBP/Maps/ThirdPersonExampleMap.ThirdPersonExampleMap_C' with ClassGeneratedBy '/Game/ThirdPersonBP/Maps/ThirdPersonExampleMap.ThirdPersonExampleMap:PersistentLevel.ThirdPersonExampleMap'
[2020.01.20-17.29.15:943][471]LogAudioMixer: Display: No commands were queued while flushing the source manager.
[2020.01.20-17.29.15:943][471]LogAudioMixer: Display: No commands were queued while flushing the source manager.
[2020.01.20-17.29.15:943][471]LogBlueprintUserMessages: Early EndPlayMap Detection: Level '/Game/ThirdPersonBP/Maps/ThirdPersonExampleMap.ThirdPersonExampleMap:PersistentLevel' has LevelScriptBlueprint '/Game/ThirdPersonBP/Maps/ThirdPersonExampleMap.ThirdPersonExampleMap:PersistentLevel.ThirdPersonExampleMap' with GeneratedClass '/Game/ThirdPersonBP/Maps/ThirdPersonExampleMap.ThirdPersonExampleMap_C' with ClassGeneratedBy '/Game/ThirdPersonBP/Maps/ThirdPersonExampleMap.ThirdPersonExampleMap:PersistentLevel.ThirdPersonExampleMap'
[2020.01.20-17.29.15:943][471]LogSlate: Updating window title bar state: overlay mode, drag disabled, window buttons hidden, title bar hidden
[2020.01.20-17.29.15:943][471]LogWorld: BeginTearingDown for /Game/ThirdPersonBP/Maps/UEDPIE_0_ThirdPersonExampleMap
[2020.01.20-17.29.15:956][471]LogSlate: Window 'miquelx2_ue Game Preview Standalone (64-bit/PCD3D_SM5)' being destroyed
[2020.01.20-17.29.15:960][471]LogAudioMixer: Display: No commands were queued while flushing the source manager.
[2020.01.20-17.29.15:960][471]LogWorld: UWorld::CleanupWorld for ThirdPersonExampleMap, bSessionEnded=true, bCleanupResources=true
[2020.01.20-17.29.15:960][471]LogSlate: InvalidateAllWidgets triggered.  All widgets were invalidated
[2020.01.20-17.29.15:969][471]LogPlayLevel: Display: Shutting down PIE online subsystems
[2020.01.20-17.29.15:969][471]LogBlueprintUserMessages: Late EndPlayMap Detection: Level '/Game/ThirdPersonBP/Maps/ThirdPersonExampleMap.ThirdPersonExampleMap:PersistentLevel' has LevelScriptBlueprint '/Game/ThirdPersonBP/Maps/ThirdPersonExampleMap.ThirdPersonExampleMap:PersistentLevel.ThirdPersonExampleMap' with GeneratedClass '/Game/ThirdPersonBP/Maps/ThirdPersonExampleMap.ThirdPersonExampleMap_C' with ClassGeneratedBy '/Game/ThirdPersonBP/Maps/ThirdPersonExampleMap.ThirdPersonExampleMap:PersistentLevel.ThirdPersonExampleMap'
[2020.01.20-17.29.15:974][471]LogSlate: InvalidateAllWidgets triggered.  All widgets were invalidated
[2020.01.20-17.29.16:010][471]LogAudioMixer: Display: No commands were queued while flushing the source manager.
[2020.01.20-17.29.16:017][471]LogUObjectHash: Compacting FUObjectHashTables data took   3.74ms
[2020.01.20-17.29.16:076][473]LogPlayLevel: Display: Destroying online subsystem :Context_12
[2020.01.20-17.29.17:147][594]LogUObjectHash: Compacting FUObjectHashTables data took   0.96ms
[2020.01.20-17.29.17:275][594]LogUObjectHash: Compacting FUObjectHashTables data took   0.95ms
[2020.01.20-17.29.17:537][594]LogSavePackage: Moving '../../../../../Unreal Engine Projects/miquelx2-practiques-ue/miquelx2_ue/Saved/ThirdPersonExampleMap095FDD164A814063A81717B4AB78F0CF.tmp' to '../../../../../Unreal Engine Projects/miquelx2-practiques-ue/miquelx2_ue/Content/ThirdPersonBP/Maps/ThirdPersonExampleMap.umap'
[2020.01.20-17.29.17:563][594]LogFileHelpers: Saving map 'ThirdPersonExampleMap' took 0.389
[2020.01.20-17.29.17:573][594]AssetCheck: New page: Asset Save: ThirdPersonExampleMap
[2020.01.20-17.29.17:573][594]LogContentValidation: Display: Validating World /Game/ThirdPersonBP/Maps/ThirdPersonExampleMap.ThirdPersonExampleMap
